<?xml version="1.0" encoding="UTF-8"?>
<!-- Generated by org.testng.reporters.JUnitXMLReporter -->
<testsuite ignored="0" hostname="DESKTOP-ALIH8F5" failures="0" tests="3" name="Default test" time="0.076" errors="0" timestamp="2023-02-12T14:44:10 IST">
  <testcase classname="redBusTestNG.RedBusHomePageTestNGSuite1" name="@BeforeTest launchBowser" time="-1.676193250267E9">
    <failure type="org.testng.TestNGException" message="
Parameter &amp;apos;browser&amp;apos; is required by BeforeTest on method launchBowser but has not been marked @Optional or defined
in C:\Users\devad\AppData\Local\Temp\testng-eclipse--2005033014\testng-customsuite.xml">
      <![CDATA[org.testng.TestNGException: 
Parameter 'browser' is required by BeforeTest on method launchBowser but has not been marked @Optional or defined
in C:\Users\devad\AppData\Local\Temp\testng-eclipse--2005033014\testng-customsuite.xml
at org.testng.internal.Parameters.createParams(Parameters.java:270)
at org.testng.internal.Parameters.createParametersForMethod(Parameters.java:358)
at org.testng.internal.Parameters.createParameters(Parameters.java:700)
at org.testng.internal.Parameters.createConfigurationParameters(Parameters.java:168)
at org.testng.internal.ConfigInvoker.invokeConfigurations(ConfigInvoker.java:302)
at org.testng.TestRunner.invokeTestConfigurations(TestRunner.java:637)
at org.testng.TestRunner.beforeRun(TestRunner.java:627)
at org.testng.TestRunner.run(TestRunner.java:589)
at org.testng.SuiteRunner.runTest(SuiteRunner.java:377)
at org.testng.SuiteRunner.runSequentially(SuiteRunner.java:371)
at org.testng.SuiteRunner.privateRun(SuiteRunner.java:332)
at org.testng.SuiteRunner.run(SuiteRunner.java:276)
at org.testng.SuiteRunnerWorker.runSuite(SuiteRunnerWorker.java:53)
at org.testng.SuiteRunnerWorker.run(SuiteRunnerWorker.java:96)
at org.testng.TestNG.runSuitesSequentially(TestNG.java:1212)
at org.testng.TestNG.runSuitesLocally(TestNG.java:1134)
at org.testng.TestNG.runSuites(TestNG.java:1063)
at org.testng.TestNG.run(TestNG.java:1031)
at org.testng.remote.AbstractRemoteTestNG.run(AbstractRemoteTestNG.java:115)
at org.testng.remote.RemoteTestNG.initAndRun(RemoteTestNG.java:251)
at org.testng.remote.RemoteTestNG.main(RemoteTestNG.java:77)
]]>
    </failure>
  </testcase> <!-- @BeforeTest launchBowser -->
  <testcase classname="redBusTestNG.RedBusHomePageTestNGSuite1" name="@BeforeClass pomClassObject" time="-1.676193250296E9">
    <skipped/>
  </testcase> <!-- @BeforeClass pomClassObject -->
  <testcase classname="redBusTestNG.RedBusHomePageTestNGSuite1" name="@BeforeMethod redBusHomePage" time="-1.676193250312E9">
    <skipped/>
  </testcase> <!-- @BeforeMethod redBusHomePage -->
  <testcase classname="redBusTestNG.RedBusHomePageTestNGSuite1" name="@AfterMethod goTOHomePage" time="-1.676193250318E9">
    <skipped/>
  </testcase> <!-- @AfterMethod goTOHomePage -->
  <testcase classname="redBusTestNG.RedBusHomePageTestNGSuite1" name="@BeforeMethod redBusHomePage" time="-1.67619325032E9">
    <skipped/>
  </testcase> <!-- @BeforeMethod redBusHomePage -->
  <testcase classname="redBusTestNG.RedBusHomePageTestNGSuite1" name="@AfterMethod goTOHomePage" time="-1.676193250325E9">
    <skipped/>
  </testcase> <!-- @AfterMethod goTOHomePage -->
  <testcase classname="redBusTestNG.RedBusHomePageTestNGSuite1" name="@BeforeMethod redBusHomePage" time="-1.676193250327E9">
    <skipped/>
  </testcase> <!-- @BeforeMethod redBusHomePage -->
  <testcase classname="redBusTestNG.RedBusHomePageTestNGSuite1" name="@AfterMethod goTOHomePage" time="-1.676193250331E9">
    <skipped/>
  </testcase> <!-- @AfterMethod goTOHomePage -->
  <testcase classname="redBusTestNG.RedBusHomePageTestNGSuite1" name="@AfterClass clearPOMObj" time="-1.676193250333E9">
    <skipped/>
  </testcase> <!-- @AfterClass clearPOMObj -->
  <testcase classname="redBusTestNG.RedBusHomePageTestNGSuite1" name="@AfterTest closedBrowser" time="-1.676193250336E9">
    <skipped/>
  </testcase> <!-- @AfterTest closedBrowser -->
  <testcase classname="redBusTestNG.RedBusHomePageTestNGSuite1" name="SearchBus" time="0.0">
    <skipped/>
  </testcase> <!-- SearchBus -->
  <testcase classname="redBusTestNG.RedBusHomePageTestNGSuite1" name="toVerifyBangloreBusTicketsLink" time="0.0">
    <skipped/>
  </testcase> <!-- toVerifyBangloreBusTicketsLink -->
  <testcase classname="redBusTestNG.RedBusHomePageTestNGSuite1" name="toVerifyHydrabadBusTicketsLink" time="0.0">
    <skipped/>
  </testcase> <!-- toVerifyHydrabadBusTicketsLink -->
</testsuite> <!-- Default test -->
