<?xml version="1.0" encoding="UTF-8"?>
<!-- Generated by org.testng.reporters.JUnitXMLReporter -->
<testsuite ignored="0" hostname="DESKTOP-ALIH8F5" failures="0" tests="6" name="ChromeTest" time="28.37" errors="0" timestamp="2023-02-12T14:45:43 IST">
  <testcase classname="redBusTestNG.RedBusHomePageTestNGSuite1" name="@AfterMethod goTOHomePage" time="0.617">
    <failure type="org.openqa.selenium.NoSuchSessionException" message="invalid session id
Build info: version: &amp;apos;3.141.59&amp;apos;, revision: &amp;apos;e82be7d358&amp;apos;, time: &amp;apos;2018-11-14T08:17:03&amp;apos;
System info: host: &amp;apos;DESKTOP-ALIH8F5&amp;apos;, ip: &amp;apos;192.168.71.59&amp;apos;, os.name: &amp;apos;Windows 10&amp;apos;, os.arch: &amp;apos;amd64&amp;apos;, os.version: &amp;apos;10.0&amp;apos;, java.version: &amp;apos;18.0.2.1&amp;apos;
Driver info: org.openqa.selenium.chrome.ChromeDriver
Capabilities {acceptInsecureCerts: false, browserName: chrome, browserVersion: 110.0.5481.78, chrome: {chromedriverVersion: 110.0.5481.77 (65ed616c6e8e..., userDataDir: C:\Users\devad\AppData\Loca...}, goog:chromeOptions: {debuggerAddress: localhost:64992}, javascriptEnabled: true, networkConnectionEnabled: false, pageLoadStrategy: normal, platform: WINDOWS, platformName: WINDOWS, proxy: Proxy(), setWindowRect: true, strictFileInteractability: false, timeouts: {implicit: 0, pageLoad: 300000, script: 30000}, unhandledPromptBehavior: dismiss and notify, webauthn:extension:credBlob: true, webauthn:extension:largeBlob: true, webauthn:virtualAuthenticators: true}
Session ID: 6163a035728c6658b8c6e1c755004b04">
      <![CDATA[org.openqa.selenium.NoSuchSessionException: invalid session id
Build info: version: '3.141.59', revision: 'e82be7d358', time: '2018-11-14T08:17:03'
System info: host: 'DESKTOP-ALIH8F5', ip: '192.168.71.59', os.name: 'Windows 10', os.arch: 'amd64', os.version: '10.0', java.version: '18.0.2.1'
Driver info: org.openqa.selenium.chrome.ChromeDriver
Capabilities {acceptInsecureCerts: false, browserName: chrome, browserVersion: 110.0.5481.78, chrome: {chromedriverVersion: 110.0.5481.77 (65ed616c6e8e..., userDataDir: C:\Users\devad\AppData\Loca...}, goog:chromeOptions: {debuggerAddress: localhost:64992}, javascriptEnabled: true, networkConnectionEnabled: false, pageLoadStrategy: normal, platform: WINDOWS, platformName: WINDOWS, proxy: Proxy(), setWindowRect: true, strictFileInteractability: false, timeouts: {implicit: 0, pageLoad: 300000, script: 30000}, unhandledPromptBehavior: dismiss and notify, webauthn:extension:credBlob: true, webauthn:extension:largeBlob: true, webauthn:virtualAuthenticators: true}
Session ID: 6163a035728c6658b8c6e1c755004b04
at org.openqa.selenium.remote.http.W3CHttpResponseCodec.createException(W3CHttpResponseCodec.java:187)
at org.openqa.selenium.remote.http.W3CHttpResponseCodec.decode(W3CHttpResponseCodec.java:122)
at org.openqa.selenium.remote.http.W3CHttpResponseCodec.decode(W3CHttpResponseCodec.java:49)
at org.openqa.selenium.remote.HttpCommandExecutor.execute(HttpCommandExecutor.java:158)
at org.openqa.selenium.remote.service.DriverCommandExecutor.execute(DriverCommandExecutor.java:83)
at org.openqa.selenium.remote.RemoteWebDriver.execute(RemoteWebDriver.java:552)
at org.openqa.selenium.remote.RemoteWebDriver.get(RemoteWebDriver.java:277)
at redBusTestNG.RedBusHomePageTestNGSuite1.goTOHomePage(RedBusHomePageTestNGSuite1.java:168)
at java.base/java.util.concurrent.ThreadPoolExecutor.runWorker(ThreadPoolExecutor.java:1136)
at java.base/java.util.concurrent.ThreadPoolExecutor$Worker.run(ThreadPoolExecutor.java:635)
at java.base/java.lang.Thread.run(Thread.java:833)
... Removed 18 stack frames]]>
    </failure>
  </testcase> <!-- @AfterMethod goTOHomePage -->
  <testcase classname="redBusTestNG.RedBusHomePageTestNGSuite1" name="@BeforeMethod redBusHomePage" time="-1.676193343761E9">
    <skipped/>
  </testcase> <!-- @BeforeMethod redBusHomePage -->
  <testcase classname="redBusTestNG.RedBusHomePageTestNGSuite1" name="@AfterMethod goTOHomePage" time="-1.676193343802E9">
    <skipped/>
  </testcase> <!-- @AfterMethod goTOHomePage -->
  <testcase classname="redBusTestNG.RedBusHomePageTestNGSuite1" name="@BeforeMethod redBusHomePage" time="-1.676193343805E9">
    <skipped/>
  </testcase> <!-- @BeforeMethod redBusHomePage -->
  <testcase classname="redBusTestNG.RedBusHomePageTestNGSuite1" name="@AfterMethod goTOHomePage" time="-1.67619334382E9">
    <skipped/>
  </testcase> <!-- @AfterMethod goTOHomePage -->
  <testcase classname="redBusTestNG.RedBusHomePageTestNGSuite1" name="@AfterClass clearPOMObj" time="-1.676193343822E9">
    <skipped/>
  </testcase> <!-- @AfterClass clearPOMObj -->
  <testcase classname="redBusTestNG.RedBusHomePageTestNGSuite1" name="@AfterTest closedBrowser" time="-1.676193343824E9">
    <skipped/>
  </testcase> <!-- @AfterTest closedBrowser -->
  <testcase classname="redBusTestNG.RedBusHomePageTestNGSuite2" name="@AfterTest closedBrowser" time="-1.676193343826E9">
    <skipped/>
  </testcase> <!-- @AfterTest closedBrowser -->
  <testcase classname="redBusTestNG.RedBusHomePageTestNGSuite2" name="toVerifyBrandTrustReportLink" time="5.577"/>
  <testcase classname="redBusTestNG.RedBusHomePageTestNGSuite2" name="toVerifyPuneBusTicketsLink" time="3.151"/>
  <testcase classname="redBusTestNG.RedBusHomePageTestNGSuite2" name="toverifyChennaiBusTicketsLink" time="3.149"/>
  <testcase classname="redBusTestNG.RedBusHomePageTestNGSuite1" name="SearchBus" time="15.77"/>
  <testcase classname="redBusTestNG.RedBusHomePageTestNGSuite1" name="toVerifyBangloreBusTicketsLink" time="0.0">
    <skipped/>
  </testcase> <!-- toVerifyBangloreBusTicketsLink -->
  <testcase classname="redBusTestNG.RedBusHomePageTestNGSuite1" name="toVerifyHydrabadBusTicketsLink" time="0.0">
    <skipped/>
  </testcase> <!-- toVerifyHydrabadBusTicketsLink -->
</testsuite> <!-- ChromeTest -->
