<?xml version="1.0" encoding="UTF-8"?>
<!-- Generated by org.testng.reporters.JUnitXMLReporter -->
<testsuite ignored="0" hostname="DESKTOP-ALIH8F5" failures="0" tests="6" name="FirefoxTest" time="33.159" errors="0" timestamp="2023-02-12T14:45:48 IST">
  <testcase classname="redBusTestNG.RedBusHomePageTestNGSuite1" name="@AfterMethod goTOHomePage" time="1.348">
    <failure type="org.openqa.selenium.NoSuchSessionException" message="Tried to run command without establishing a connection
Build info: version: &amp;apos;3.141.59&amp;apos;, revision: &amp;apos;e82be7d358&amp;apos;, time: &amp;apos;2018-11-14T08:17:03&amp;apos;
System info: host: &amp;apos;DESKTOP-ALIH8F5&amp;apos;, ip: &amp;apos;192.168.71.59&amp;apos;, os.name: &amp;apos;Windows 10&amp;apos;, os.arch: &amp;apos;amd64&amp;apos;, os.version: &amp;apos;10.0&amp;apos;, java.version: &amp;apos;18.0.2.1&amp;apos;
Driver info: org.openqa.selenium.firefox.FirefoxDriver
Capabilities {acceptInsecureCerts: true, browserName: firefox, browserVersion: 109.0.1, javascriptEnabled: true, moz:accessibilityChecks: false, moz:buildID: 20230127170202, moz:geckodriverVersion: 0.32.0, moz:headless: false, moz:platformVersion: 10.0, moz:processID: 32920, moz:profile: C:\Users\devad\AppData\Loca..., moz:shutdownTimeout: 60000, moz:useNonSpecCompliantPointerOrigin: false, moz:webdriverClick: true, moz:windowless: false, pageLoadStrategy: normal, platform: WINDOWS, platformName: WINDOWS, proxy: Proxy(), setWindowRect: true, strictFileInteractability: false, timeouts: {implicit: 0, pageLoad: 300000, script: 30000}, unhandledPromptBehavior: dismiss and notify}
Session ID: 60ec820f-3c1f-499f-bfd9-c43225f8d7b8">
      <![CDATA[org.openqa.selenium.NoSuchSessionException: Tried to run command without establishing a connection
Build info: version: '3.141.59', revision: 'e82be7d358', time: '2018-11-14T08:17:03'
System info: host: 'DESKTOP-ALIH8F5', ip: '192.168.71.59', os.name: 'Windows 10', os.arch: 'amd64', os.version: '10.0', java.version: '18.0.2.1'
Driver info: org.openqa.selenium.firefox.FirefoxDriver
Capabilities {acceptInsecureCerts: true, browserName: firefox, browserVersion: 109.0.1, javascriptEnabled: true, moz:accessibilityChecks: false, moz:buildID: 20230127170202, moz:geckodriverVersion: 0.32.0, moz:headless: false, moz:platformVersion: 10.0, moz:processID: 32920, moz:profile: C:\Users\devad\AppData\Loca..., moz:shutdownTimeout: 60000, moz:useNonSpecCompliantPointerOrigin: false, moz:webdriverClick: true, moz:windowless: false, pageLoadStrategy: normal, platform: WINDOWS, platformName: WINDOWS, proxy: Proxy(), setWindowRect: true, strictFileInteractability: false, timeouts: {implicit: 0, pageLoad: 300000, script: 30000}, unhandledPromptBehavior: dismiss and notify}
Session ID: 60ec820f-3c1f-499f-bfd9-c43225f8d7b8
at org.openqa.selenium.remote.http.W3CHttpResponseCodec.createException(W3CHttpResponseCodec.java:187)
at org.openqa.selenium.remote.http.W3CHttpResponseCodec.decode(W3CHttpResponseCodec.java:122)
at org.openqa.selenium.remote.http.W3CHttpResponseCodec.decode(W3CHttpResponseCodec.java:49)
at org.openqa.selenium.remote.HttpCommandExecutor.execute(HttpCommandExecutor.java:158)
at org.openqa.selenium.remote.service.DriverCommandExecutor.execute(DriverCommandExecutor.java:83)
at org.openqa.selenium.remote.RemoteWebDriver.execute(RemoteWebDriver.java:552)
at org.openqa.selenium.remote.RemoteWebDriver.get(RemoteWebDriver.java:277)
at redBusTestNG.RedBusHomePageTestNGSuite1.goTOHomePage(RedBusHomePageTestNGSuite1.java:168)
at java.base/java.util.concurrent.ThreadPoolExecutor.runWorker(ThreadPoolExecutor.java:1136)
at java.base/java.util.concurrent.ThreadPoolExecutor$Worker.run(ThreadPoolExecutor.java:635)
at java.base/java.lang.Thread.run(Thread.java:833)
... Removed 18 stack frames]]>
    </failure>
  </testcase> <!-- @AfterMethod goTOHomePage -->
  <testcase classname="redBusTestNG.RedBusHomePageTestNGSuite1" name="@BeforeMethod redBusHomePage" time="-1.676193347582E9">
    <skipped/>
  </testcase> <!-- @BeforeMethod redBusHomePage -->
  <testcase classname="redBusTestNG.RedBusHomePageTestNGSuite1" name="@AfterMethod goTOHomePage" time="-1.676193347585E9">
    <skipped/>
  </testcase> <!-- @AfterMethod goTOHomePage -->
  <testcase classname="redBusTestNG.RedBusHomePageTestNGSuite1" name="@BeforeMethod redBusHomePage" time="-1.676193347586E9">
    <skipped/>
  </testcase> <!-- @BeforeMethod redBusHomePage -->
  <testcase classname="redBusTestNG.RedBusHomePageTestNGSuite1" name="@AfterMethod goTOHomePage" time="-1.676193347589E9">
    <skipped/>
  </testcase> <!-- @AfterMethod goTOHomePage -->
  <testcase classname="redBusTestNG.RedBusHomePageTestNGSuite1" name="@AfterClass clearPOMObj" time="-1.67619334759E9">
    <skipped/>
  </testcase> <!-- @AfterClass clearPOMObj -->
  <testcase classname="redBusTestNG.RedBusHomePageTestNGSuite1" name="@AfterTest closedBrowser" time="-1.676193348613E9">
    <skipped/>
  </testcase> <!-- @AfterTest closedBrowser -->
  <testcase classname="redBusTestNG.RedBusHomePageTestNGSuite2" name="@AfterTest closedBrowser" time="-1.676193348615E9">
    <skipped/>
  </testcase> <!-- @AfterTest closedBrowser -->
  <testcase classname="redBusTestNG.RedBusHomePageTestNGSuite2" name="toVerifyBrandTrustReportLink" time="3.346"/>
  <testcase classname="redBusTestNG.RedBusHomePageTestNGSuite2" name="toVerifyPuneBusTicketsLink" time="3.197"/>
  <testcase classname="redBusTestNG.RedBusHomePageTestNGSuite1" name="SearchBus" time="12.493"/>
  <testcase classname="redBusTestNG.RedBusHomePageTestNGSuite1" name="toVerifyBangloreBusTicketsLink" time="0.0">
    <skipped/>
  </testcase> <!-- toVerifyBangloreBusTicketsLink -->
  <testcase classname="redBusTestNG.RedBusHomePageTestNGSuite1" name="toVerifyHydrabadBusTicketsLink" time="0.0">
    <skipped/>
  </testcase> <!-- toVerifyHydrabadBusTicketsLink -->
  <testcase classname="redBusTestNG.RedBusHomePageTestNGSuite2" name="toverifyChennaiBusTicketsLink" time="3.121"/>
</testsuite> <!-- FirefoxTest -->
