<?xml version="1.0" encoding="UTF-8"?>
<testng-results ignored="0" total="18" passed="12" failed="0" skipped="6">
  <reporter-output>
  </reporter-output>
  <suite started-at="2023-02-12T14:45:15 IST" name="Suite" finished-at="2023-02-12T14:45:50 IST" duration-ms="35356">
    <groups>
    </groups>
    <test started-at="2023-02-12T14:45:15 IST" name="ChromeTest" finished-at="2023-02-12T14:45:43 IST" duration-ms="28370">
      <class name="redBusTestNG.RedBusHomePageTestNGSuite2">
        <test-method is-config="true" signature="launchBowser(java.lang.String)[pri:0, instance:redBusTestNG.RedBusHomePageTestNGSuite2@64cd705f]" started-at="2023-02-12T14:45:17 IST" name="launchBowser" finished-at="2023-02-12T14:45:18 IST" duration-ms="1015" status="PASS">
          <params>
            <param index="0">
              <value>
                <![CDATA[Chrome]]>
              </value>
            </param>
          </params>
          <reporter-output>
          </reporter-output>
        </test-method> <!-- launchBowser -->
        <test-method is-config="true" signature="pomClassObject()[pri:0, instance:redBusTestNG.RedBusHomePageTestNGSuite2@64cd705f]" started-at="2023-02-12T14:45:18 IST" name="pomClassObject" finished-at="2023-02-12T14:45:18 IST" duration-ms="36" status="PASS">
          <reporter-output>
          </reporter-output>
        </test-method> <!-- pomClassObject -->
        <test-method is-config="true" signature="redBusHomePage()[pri:0, instance:redBusTestNG.RedBusHomePageTestNGSuite2@64cd705f]" started-at="2023-02-12T14:45:18 IST" name="redBusHomePage" finished-at="2023-02-12T14:45:27 IST" duration-ms="8855" status="PASS">
          <reporter-output>
          </reporter-output>
        </test-method> <!-- redBusHomePage -->
        <test-method signature="toVerifyBrandTrustReportLink()[pri:0, instance:redBusTestNG.RedBusHomePageTestNGSuite2@64cd705f]" started-at="2023-02-12T14:45:27 IST" name="toVerifyBrandTrustReportLink" finished-at="2023-02-12T14:45:32 IST" duration-ms="5577" status="PASS">
          <reporter-output>
          </reporter-output>
        </test-method> <!-- toVerifyBrandTrustReportLink -->
        <test-method is-config="true" signature="goTOHomePage()[pri:0, instance:redBusTestNG.RedBusHomePageTestNGSuite2@64cd705f]" started-at="2023-02-12T14:45:32 IST" name="goTOHomePage" finished-at="2023-02-12T14:45:32 IST" duration-ms="80" status="PASS">
          <reporter-output>
          </reporter-output>
        </test-method> <!-- goTOHomePage -->
        <test-method is-config="true" signature="redBusHomePage()[pri:0, instance:redBusTestNG.RedBusHomePageTestNGSuite2@64cd705f]" started-at="2023-02-12T14:45:32 IST" name="redBusHomePage" finished-at="2023-02-12T14:45:34 IST" duration-ms="1380" status="PASS">
          <reporter-output>
          </reporter-output>
        </test-method> <!-- redBusHomePage -->
        <test-method signature="toVerifyPuneBusTicketsLink()[pri:0, instance:redBusTestNG.RedBusHomePageTestNGSuite2@64cd705f]" started-at="2023-02-12T14:45:34 IST" name="toVerifyPuneBusTicketsLink" finished-at="2023-02-12T14:45:37 IST" duration-ms="3151" status="PASS">
          <reporter-output>
          </reporter-output>
        </test-method> <!-- toVerifyPuneBusTicketsLink -->
        <test-method is-config="true" signature="goTOHomePage()[pri:0, instance:redBusTestNG.RedBusHomePageTestNGSuite2@64cd705f]" started-at="2023-02-12T14:45:37 IST" name="goTOHomePage" finished-at="2023-02-12T14:45:37 IST" duration-ms="98" status="PASS">
          <reporter-output>
          </reporter-output>
        </test-method> <!-- goTOHomePage -->
        <test-method is-config="true" signature="redBusHomePage()[pri:0, instance:redBusTestNG.RedBusHomePageTestNGSuite2@64cd705f]" started-at="2023-02-12T14:45:37 IST" name="redBusHomePage" finished-at="2023-02-12T14:45:38 IST" duration-ms="1163" status="PASS">
          <reporter-output>
          </reporter-output>
        </test-method> <!-- redBusHomePage -->
        <test-method signature="toverifyChennaiBusTicketsLink()[pri:0, instance:redBusTestNG.RedBusHomePageTestNGSuite2@64cd705f]" started-at="2023-02-12T14:45:38 IST" name="toverifyChennaiBusTicketsLink" finished-at="2023-02-12T14:45:41 IST" duration-ms="3149" status="PASS">
          <reporter-output>
          </reporter-output>
        </test-method> <!-- toverifyChennaiBusTicketsLink -->
        <test-method is-config="true" signature="goTOHomePage()[pri:0, instance:redBusTestNG.RedBusHomePageTestNGSuite2@64cd705f]" started-at="2023-02-12T14:45:41 IST" name="goTOHomePage" finished-at="2023-02-12T14:45:41 IST" duration-ms="80" status="PASS">
          <reporter-output>
          </reporter-output>
        </test-method> <!-- goTOHomePage -->
        <test-method is-config="true" signature="clearPOMObj()[pri:0, instance:redBusTestNG.RedBusHomePageTestNGSuite2@64cd705f]" started-at="2023-02-12T14:45:41 IST" name="clearPOMObj" finished-at="2023-02-12T14:45:41 IST" duration-ms="0" status="PASS">
          <reporter-output>
          </reporter-output>
        </test-method> <!-- clearPOMObj -->
        <test-method is-config="true" signature="closedBrowser()[pri:0, instance:redBusTestNG.RedBusHomePageTestNGSuite2@64cd705f]" started-at="2023-02-12T14:45:43 IST" name="closedBrowser" finished-at="1970-01-01T05:30:00 IST" duration-ms="-1676193343826" status="SKIP">
          <reporter-output>
          </reporter-output>
        </test-method> <!-- closedBrowser -->
      </class> <!-- redBusTestNG.RedBusHomePageTestNGSuite2 -->
      <class name="redBusTestNG.RedBusHomePageTestNGSuite1">
        <test-method is-config="true" signature="launchBowser(java.lang.String)[pri:0, instance:redBusTestNG.RedBusHomePageTestNGSuite1@48ae9b55]" started-at="2023-02-12T14:45:15 IST" name="launchBowser" finished-at="2023-02-12T14:45:17 IST" duration-ms="1589" status="PASS">
          <params>
            <param index="0">
              <value>
                <![CDATA[Chrome]]>
              </value>
            </param>
          </params>
          <reporter-output>
          </reporter-output>
        </test-method> <!-- launchBowser -->
        <test-method is-config="true" signature="pomClassObject()[pri:0, instance:redBusTestNG.RedBusHomePageTestNGSuite1@48ae9b55]" started-at="2023-02-12T14:45:18 IST" name="pomClassObject" finished-at="2023-02-12T14:45:18 IST" duration-ms="39" status="PASS">
          <reporter-output>
          </reporter-output>
        </test-method> <!-- pomClassObject -->
        <test-method is-config="true" signature="redBusHomePage()[pri:0, instance:redBusTestNG.RedBusHomePageTestNGSuite1@48ae9b55]" started-at="2023-02-12T14:45:18 IST" name="redBusHomePage" finished-at="2023-02-12T14:45:27 IST" duration-ms="9214" status="PASS">
          <reporter-output>
          </reporter-output>
        </test-method> <!-- redBusHomePage -->
        <test-method signature="SearchBus()[pri:0, instance:redBusTestNG.RedBusHomePageTestNGSuite1@48ae9b55]" started-at="2023-02-12T14:45:27 IST" name="SearchBus" finished-at="2023-02-12T14:45:43 IST" duration-ms="15770" status="PASS">
          <reporter-output>
          </reporter-output>
        </test-method> <!-- SearchBus -->
        <test-method is-config="true" signature="goTOHomePage()[pri:0, instance:redBusTestNG.RedBusHomePageTestNGSuite1@48ae9b55]" started-at="2023-02-12T14:45:43 IST" name="goTOHomePage" finished-at="2023-02-12T14:45:43 IST" duration-ms="617" status="FAIL">
          <exception class="org.openqa.selenium.NoSuchSessionException">
            <message>
              <![CDATA[invalid session id
Build info: version: '3.141.59', revision: 'e82be7d358', time: '2018-11-14T08:17:03'
System info: host: 'DESKTOP-ALIH8F5', ip: '192.168.71.59', os.name: 'Windows 10', os.arch: 'amd64', os.version: '10.0', java.version: '18.0.2.1'
Driver info: org.openqa.selenium.chrome.ChromeDriver
Capabilities {acceptInsecureCerts: false, browserName: chrome, browserVersion: 110.0.5481.78, chrome: {chromedriverVersion: 110.0.5481.77 (65ed616c6e8e..., userDataDir: C:\Users\devad\AppData\Loca...}, goog:chromeOptions: {debuggerAddress: localhost:64992}, javascriptEnabled: true, networkConnectionEnabled: false, pageLoadStrategy: normal, platform: WINDOWS, platformName: WINDOWS, proxy: Proxy(), setWindowRect: true, strictFileInteractability: false, timeouts: {implicit: 0, pageLoad: 300000, script: 30000}, unhandledPromptBehavior: dismiss and notify, webauthn:extension:credBlob: true, webauthn:extension:largeBlob: true, webauthn:virtualAuthenticators: true}
Session ID: 6163a035728c6658b8c6e1c755004b04]]>
            </message>
            <full-stacktrace>
              <![CDATA[org.openqa.selenium.NoSuchSessionException: invalid session id
Build info: version: '3.141.59', revision: 'e82be7d358', time: '2018-11-14T08:17:03'
System info: host: 'DESKTOP-ALIH8F5', ip: '192.168.71.59', os.name: 'Windows 10', os.arch: 'amd64', os.version: '10.0', java.version: '18.0.2.1'
Driver info: org.openqa.selenium.chrome.ChromeDriver
Capabilities {acceptInsecureCerts: false, browserName: chrome, browserVersion: 110.0.5481.78, chrome: {chromedriverVersion: 110.0.5481.77 (65ed616c6e8e..., userDataDir: C:\Users\devad\AppData\Loca...}, goog:chromeOptions: {debuggerAddress: localhost:64992}, javascriptEnabled: true, networkConnectionEnabled: false, pageLoadStrategy: normal, platform: WINDOWS, platformName: WINDOWS, proxy: Proxy(), setWindowRect: true, strictFileInteractability: false, timeouts: {implicit: 0, pageLoad: 300000, script: 30000}, unhandledPromptBehavior: dismiss and notify, webauthn:extension:credBlob: true, webauthn:extension:largeBlob: true, webauthn:virtualAuthenticators: true}
Session ID: 6163a035728c6658b8c6e1c755004b04
at java.base/jdk.internal.reflect.DirectConstructorHandleAccessor.newInstance(DirectConstructorHandleAccessor.java:67)
at java.base/java.lang.reflect.Constructor.newInstanceWithCaller(Constructor.java:499)
at java.base/java.lang.reflect.Constructor.newInstance(Constructor.java:483)
at org.openqa.selenium.remote.http.W3CHttpResponseCodec.createException(W3CHttpResponseCodec.java:187)
at org.openqa.selenium.remote.http.W3CHttpResponseCodec.decode(W3CHttpResponseCodec.java:122)
at org.openqa.selenium.remote.http.W3CHttpResponseCodec.decode(W3CHttpResponseCodec.java:49)
at org.openqa.selenium.remote.HttpCommandExecutor.execute(HttpCommandExecutor.java:158)
at org.openqa.selenium.remote.service.DriverCommandExecutor.execute(DriverCommandExecutor.java:83)
at org.openqa.selenium.remote.RemoteWebDriver.execute(RemoteWebDriver.java:552)
at org.openqa.selenium.remote.RemoteWebDriver.get(RemoteWebDriver.java:277)
at redBusTestNG.RedBusHomePageTestNGSuite1.goTOHomePage(RedBusHomePageTestNGSuite1.java:168)
at java.base/jdk.internal.reflect.DirectMethodHandleAccessor.invoke(DirectMethodHandleAccessor.java:104)
at java.base/java.lang.reflect.Method.invoke(Method.java:577)
at org.testng.internal.MethodInvocationHelper.invokeMethod(MethodInvocationHelper.java:133)
at org.testng.internal.MethodInvocationHelper.invokeMethodConsideringTimeout(MethodInvocationHelper.java:62)
at org.testng.internal.ConfigInvoker.invokeConfigurationMethod(ConfigInvoker.java:385)
at org.testng.internal.ConfigInvoker.invokeConfigurations(ConfigInvoker.java:321)
at org.testng.internal.TestInvoker.runConfigMethods(TestInvoker.java:700)
at org.testng.internal.TestInvoker.runAfterGroupsConfigurations(TestInvoker.java:676)
at org.testng.internal.TestInvoker.invokeMethod(TestInvoker.java:660)
at org.testng.internal.TestInvoker.invokeTestMethod(TestInvoker.java:173)
at org.testng.internal.MethodRunner.runInSequence(MethodRunner.java:46)
at org.testng.internal.TestInvoker$MethodInvocationAgent.invoke(TestInvoker.java:824)
at org.testng.internal.TestInvoker.invokeTestMethods(TestInvoker.java:146)
at org.testng.internal.TestMethodWorker.invokeTestMethods(TestMethodWorker.java:146)
at org.testng.internal.TestMethodWorker.run(TestMethodWorker.java:128)
at java.base/java.util.concurrent.ThreadPoolExecutor.runWorker(ThreadPoolExecutor.java:1136)
at java.base/java.util.concurrent.ThreadPoolExecutor$Worker.run(ThreadPoolExecutor.java:635)
at java.base/java.lang.Thread.run(Thread.java:833)
]]>
            </full-stacktrace>
          </exception> <!-- org.openqa.selenium.NoSuchSessionException -->
          <reporter-output>
          </reporter-output>
        </test-method> <!-- goTOHomePage -->
        <test-method is-config="true" signature="redBusHomePage()[pri:0, instance:redBusTestNG.RedBusHomePageTestNGSuite1@48ae9b55]" started-at="2023-02-12T14:45:43 IST" name="redBusHomePage" finished-at="1970-01-01T05:30:00 IST" duration-ms="-1676193343761" status="SKIP">
          <reporter-output>
          </reporter-output>
        </test-method> <!-- redBusHomePage -->
        <test-method signature="toVerifyBangloreBusTicketsLink()[pri:0, instance:redBusTestNG.RedBusHomePageTestNGSuite1@48ae9b55]" started-at="2023-02-12T14:45:43 IST" name="toVerifyBangloreBusTicketsLink" finished-at="2023-02-12T14:45:43 IST" duration-ms="0" status="SKIP">
          <exception class="org.openqa.selenium.NoSuchSessionException">
            <message>
              <![CDATA[invalid session id
Build info: version: '3.141.59', revision: 'e82be7d358', time: '2018-11-14T08:17:03'
System info: host: 'DESKTOP-ALIH8F5', ip: '192.168.71.59', os.name: 'Windows 10', os.arch: 'amd64', os.version: '10.0', java.version: '18.0.2.1'
Driver info: org.openqa.selenium.chrome.ChromeDriver
Capabilities {acceptInsecureCerts: false, browserName: chrome, browserVersion: 110.0.5481.78, chrome: {chromedriverVersion: 110.0.5481.77 (65ed616c6e8e..., userDataDir: C:\Users\devad\AppData\Loca...}, goog:chromeOptions: {debuggerAddress: localhost:64992}, javascriptEnabled: true, networkConnectionEnabled: false, pageLoadStrategy: normal, platform: WINDOWS, platformName: WINDOWS, proxy: Proxy(), setWindowRect: true, strictFileInteractability: false, timeouts: {implicit: 0, pageLoad: 300000, script: 30000}, unhandledPromptBehavior: dismiss and notify, webauthn:extension:credBlob: true, webauthn:extension:largeBlob: true, webauthn:virtualAuthenticators: true}
Session ID: 6163a035728c6658b8c6e1c755004b04]]>
            </message>
            <full-stacktrace>
              <![CDATA[org.openqa.selenium.NoSuchSessionException: invalid session id
Build info: version: '3.141.59', revision: 'e82be7d358', time: '2018-11-14T08:17:03'
System info: host: 'DESKTOP-ALIH8F5', ip: '192.168.71.59', os.name: 'Windows 10', os.arch: 'amd64', os.version: '10.0', java.version: '18.0.2.1'
Driver info: org.openqa.selenium.chrome.ChromeDriver
Capabilities {acceptInsecureCerts: false, browserName: chrome, browserVersion: 110.0.5481.78, chrome: {chromedriverVersion: 110.0.5481.77 (65ed616c6e8e..., userDataDir: C:\Users\devad\AppData\Loca...}, goog:chromeOptions: {debuggerAddress: localhost:64992}, javascriptEnabled: true, networkConnectionEnabled: false, pageLoadStrategy: normal, platform: WINDOWS, platformName: WINDOWS, proxy: Proxy(), setWindowRect: true, strictFileInteractability: false, timeouts: {implicit: 0, pageLoad: 300000, script: 30000}, unhandledPromptBehavior: dismiss and notify, webauthn:extension:credBlob: true, webauthn:extension:largeBlob: true, webauthn:virtualAuthenticators: true}
Session ID: 6163a035728c6658b8c6e1c755004b04
at java.base/jdk.internal.reflect.DirectConstructorHandleAccessor.newInstance(DirectConstructorHandleAccessor.java:67)
at java.base/java.lang.reflect.Constructor.newInstanceWithCaller(Constructor.java:499)
at java.base/java.lang.reflect.Constructor.newInstance(Constructor.java:483)
at org.openqa.selenium.remote.http.W3CHttpResponseCodec.createException(W3CHttpResponseCodec.java:187)
at org.openqa.selenium.remote.http.W3CHttpResponseCodec.decode(W3CHttpResponseCodec.java:122)
at org.openqa.selenium.remote.http.W3CHttpResponseCodec.decode(W3CHttpResponseCodec.java:49)
at org.openqa.selenium.remote.HttpCommandExecutor.execute(HttpCommandExecutor.java:158)
at org.openqa.selenium.remote.service.DriverCommandExecutor.execute(DriverCommandExecutor.java:83)
at org.openqa.selenium.remote.RemoteWebDriver.execute(RemoteWebDriver.java:552)
at org.openqa.selenium.remote.RemoteWebDriver.get(RemoteWebDriver.java:277)
at redBusTestNG.RedBusHomePageTestNGSuite1.goTOHomePage(RedBusHomePageTestNGSuite1.java:168)
at java.base/jdk.internal.reflect.DirectMethodHandleAccessor.invoke(DirectMethodHandleAccessor.java:104)
at java.base/java.lang.reflect.Method.invoke(Method.java:577)
at org.testng.internal.MethodInvocationHelper.invokeMethod(MethodInvocationHelper.java:133)
at org.testng.internal.MethodInvocationHelper.invokeMethodConsideringTimeout(MethodInvocationHelper.java:62)
at org.testng.internal.ConfigInvoker.invokeConfigurationMethod(ConfigInvoker.java:385)
at org.testng.internal.ConfigInvoker.invokeConfigurations(ConfigInvoker.java:321)
at org.testng.internal.TestInvoker.runConfigMethods(TestInvoker.java:700)
at org.testng.internal.TestInvoker.runAfterGroupsConfigurations(TestInvoker.java:676)
at org.testng.internal.TestInvoker.invokeMethod(TestInvoker.java:660)
at org.testng.internal.TestInvoker.invokeTestMethod(TestInvoker.java:173)
at org.testng.internal.MethodRunner.runInSequence(MethodRunner.java:46)
at org.testng.internal.TestInvoker$MethodInvocationAgent.invoke(TestInvoker.java:824)
at org.testng.internal.TestInvoker.invokeTestMethods(TestInvoker.java:146)
at org.testng.internal.TestMethodWorker.invokeTestMethods(TestMethodWorker.java:146)
at org.testng.internal.TestMethodWorker.run(TestMethodWorker.java:128)
at java.base/java.util.concurrent.ThreadPoolExecutor.runWorker(ThreadPoolExecutor.java:1136)
at java.base/java.util.concurrent.ThreadPoolExecutor$Worker.run(ThreadPoolExecutor.java:635)
at java.base/java.lang.Thread.run(Thread.java:833)
]]>
            </full-stacktrace>
          </exception> <!-- org.openqa.selenium.NoSuchSessionException -->
          <reporter-output>
          </reporter-output>
        </test-method> <!-- toVerifyBangloreBusTicketsLink -->
        <test-method is-config="true" signature="goTOHomePage()[pri:0, instance:redBusTestNG.RedBusHomePageTestNGSuite1@48ae9b55]" started-at="2023-02-12T14:45:43 IST" name="goTOHomePage" finished-at="1970-01-01T05:30:00 IST" duration-ms="-1676193343802" status="SKIP">
          <reporter-output>
          </reporter-output>
        </test-method> <!-- goTOHomePage -->
        <test-method is-config="true" signature="redBusHomePage()[pri:0, instance:redBusTestNG.RedBusHomePageTestNGSuite1@48ae9b55]" started-at="2023-02-12T14:45:43 IST" name="redBusHomePage" finished-at="1970-01-01T05:30:00 IST" duration-ms="-1676193343805" status="SKIP">
          <reporter-output>
          </reporter-output>
        </test-method> <!-- redBusHomePage -->
        <test-method signature="toVerifyHydrabadBusTicketsLink()[pri:0, instance:redBusTestNG.RedBusHomePageTestNGSuite1@48ae9b55]" started-at="2023-02-12T14:45:43 IST" name="toVerifyHydrabadBusTicketsLink" finished-at="2023-02-12T14:45:43 IST" duration-ms="0" status="SKIP">
          <exception class="org.openqa.selenium.NoSuchSessionException">
            <message>
              <![CDATA[invalid session id
Build info: version: '3.141.59', revision: 'e82be7d358', time: '2018-11-14T08:17:03'
System info: host: 'DESKTOP-ALIH8F5', ip: '192.168.71.59', os.name: 'Windows 10', os.arch: 'amd64', os.version: '10.0', java.version: '18.0.2.1'
Driver info: org.openqa.selenium.chrome.ChromeDriver
Capabilities {acceptInsecureCerts: false, browserName: chrome, browserVersion: 110.0.5481.78, chrome: {chromedriverVersion: 110.0.5481.77 (65ed616c6e8e..., userDataDir: C:\Users\devad\AppData\Loca...}, goog:chromeOptions: {debuggerAddress: localhost:64992}, javascriptEnabled: true, networkConnectionEnabled: false, pageLoadStrategy: normal, platform: WINDOWS, platformName: WINDOWS, proxy: Proxy(), setWindowRect: true, strictFileInteractability: false, timeouts: {implicit: 0, pageLoad: 300000, script: 30000}, unhandledPromptBehavior: dismiss and notify, webauthn:extension:credBlob: true, webauthn:extension:largeBlob: true, webauthn:virtualAuthenticators: true}
Session ID: 6163a035728c6658b8c6e1c755004b04]]>
            </message>
            <full-stacktrace>
              <![CDATA[org.openqa.selenium.NoSuchSessionException: invalid session id
Build info: version: '3.141.59', revision: 'e82be7d358', time: '2018-11-14T08:17:03'
System info: host: 'DESKTOP-ALIH8F5', ip: '192.168.71.59', os.name: 'Windows 10', os.arch: 'amd64', os.version: '10.0', java.version: '18.0.2.1'
Driver info: org.openqa.selenium.chrome.ChromeDriver
Capabilities {acceptInsecureCerts: false, browserName: chrome, browserVersion: 110.0.5481.78, chrome: {chromedriverVersion: 110.0.5481.77 (65ed616c6e8e..., userDataDir: C:\Users\devad\AppData\Loca...}, goog:chromeOptions: {debuggerAddress: localhost:64992}, javascriptEnabled: true, networkConnectionEnabled: false, pageLoadStrategy: normal, platform: WINDOWS, platformName: WINDOWS, proxy: Proxy(), setWindowRect: true, strictFileInteractability: false, timeouts: {implicit: 0, pageLoad: 300000, script: 30000}, unhandledPromptBehavior: dismiss and notify, webauthn:extension:credBlob: true, webauthn:extension:largeBlob: true, webauthn:virtualAuthenticators: true}
Session ID: 6163a035728c6658b8c6e1c755004b04
at java.base/jdk.internal.reflect.DirectConstructorHandleAccessor.newInstance(DirectConstructorHandleAccessor.java:67)
at java.base/java.lang.reflect.Constructor.newInstanceWithCaller(Constructor.java:499)
at java.base/java.lang.reflect.Constructor.newInstance(Constructor.java:483)
at org.openqa.selenium.remote.http.W3CHttpResponseCodec.createException(W3CHttpResponseCodec.java:187)
at org.openqa.selenium.remote.http.W3CHttpResponseCodec.decode(W3CHttpResponseCodec.java:122)
at org.openqa.selenium.remote.http.W3CHttpResponseCodec.decode(W3CHttpResponseCodec.java:49)
at org.openqa.selenium.remote.HttpCommandExecutor.execute(HttpCommandExecutor.java:158)
at org.openqa.selenium.remote.service.DriverCommandExecutor.execute(DriverCommandExecutor.java:83)
at org.openqa.selenium.remote.RemoteWebDriver.execute(RemoteWebDriver.java:552)
at org.openqa.selenium.remote.RemoteWebDriver.get(RemoteWebDriver.java:277)
at redBusTestNG.RedBusHomePageTestNGSuite1.goTOHomePage(RedBusHomePageTestNGSuite1.java:168)
at java.base/jdk.internal.reflect.DirectMethodHandleAccessor.invoke(DirectMethodHandleAccessor.java:104)
at java.base/java.lang.reflect.Method.invoke(Method.java:577)
at org.testng.internal.MethodInvocationHelper.invokeMethod(MethodInvocationHelper.java:133)
at org.testng.internal.MethodInvocationHelper.invokeMethodConsideringTimeout(MethodInvocationHelper.java:62)
at org.testng.internal.ConfigInvoker.invokeConfigurationMethod(ConfigInvoker.java:385)
at org.testng.internal.ConfigInvoker.invokeConfigurations(ConfigInvoker.java:321)
at org.testng.internal.TestInvoker.runConfigMethods(TestInvoker.java:700)
at org.testng.internal.TestInvoker.runAfterGroupsConfigurations(TestInvoker.java:676)
at org.testng.internal.TestInvoker.invokeMethod(TestInvoker.java:660)
at org.testng.internal.TestInvoker.invokeTestMethod(TestInvoker.java:173)
at org.testng.internal.MethodRunner.runInSequence(MethodRunner.java:46)
at org.testng.internal.TestInvoker$MethodInvocationAgent.invoke(TestInvoker.java:824)
at org.testng.internal.TestInvoker.invokeTestMethods(TestInvoker.java:146)
at org.testng.internal.TestMethodWorker.invokeTestMethods(TestMethodWorker.java:146)
at org.testng.internal.TestMethodWorker.run(TestMethodWorker.java:128)
at java.base/java.util.concurrent.ThreadPoolExecutor.runWorker(ThreadPoolExecutor.java:1136)
at java.base/java.util.concurrent.ThreadPoolExecutor$Worker.run(ThreadPoolExecutor.java:635)
at java.base/java.lang.Thread.run(Thread.java:833)
]]>
            </full-stacktrace>
          </exception> <!-- org.openqa.selenium.NoSuchSessionException -->
          <reporter-output>
          </reporter-output>
        </test-method> <!-- toVerifyHydrabadBusTicketsLink -->
        <test-method is-config="true" signature="goTOHomePage()[pri:0, instance:redBusTestNG.RedBusHomePageTestNGSuite1@48ae9b55]" started-at="2023-02-12T14:45:43 IST" name="goTOHomePage" finished-at="1970-01-01T05:30:00 IST" duration-ms="-1676193343820" status="SKIP">
          <reporter-output>
          </reporter-output>
        </test-method> <!-- goTOHomePage -->
        <test-method is-config="true" signature="clearPOMObj()[pri:0, instance:redBusTestNG.RedBusHomePageTestNGSuite1@48ae9b55]" started-at="2023-02-12T14:45:43 IST" name="clearPOMObj" finished-at="1970-01-01T05:30:00 IST" duration-ms="-1676193343822" status="SKIP">
          <reporter-output>
          </reporter-output>
        </test-method> <!-- clearPOMObj -->
        <test-method is-config="true" signature="closedBrowser()[pri:0, instance:redBusTestNG.RedBusHomePageTestNGSuite1@48ae9b55]" started-at="2023-02-12T14:45:43 IST" name="closedBrowser" finished-at="1970-01-01T05:30:00 IST" duration-ms="-1676193343824" status="SKIP">
          <reporter-output>
          </reporter-output>
        </test-method> <!-- closedBrowser -->
      </class> <!-- redBusTestNG.RedBusHomePageTestNGSuite1 -->
    </test> <!-- ChromeTest -->
    <test started-at="2023-02-12T14:45:15 IST" name="FirefoxTest" finished-at="2023-02-12T14:45:48 IST" duration-ms="33159">
      <class name="redBusTestNG.RedBusHomePageTestNGSuite2">
        <test-method is-config="true" signature="launchBowser(java.lang.String)[pri:0, instance:redBusTestNG.RedBusHomePageTestNGSuite2@43195e57]" started-at="2023-02-12T14:45:19 IST" name="launchBowser" finished-at="2023-02-12T14:45:24 IST" duration-ms="4832" status="PASS">
          <params>
            <param index="0">
              <value>
                <![CDATA[Firefox]]>
              </value>
            </param>
          </params>
          <reporter-output>
          </reporter-output>
        </test-method> <!-- launchBowser -->
        <test-method is-config="true" signature="pomClassObject()[pri:0, instance:redBusTestNG.RedBusHomePageTestNGSuite2@43195e57]" started-at="2023-02-12T14:45:24 IST" name="pomClassObject" finished-at="2023-02-12T14:45:24 IST" duration-ms="2" status="PASS">
          <reporter-output>
          </reporter-output>
        </test-method> <!-- pomClassObject -->
        <test-method is-config="true" signature="redBusHomePage()[pri:0, instance:redBusTestNG.RedBusHomePageTestNGSuite2@43195e57]" started-at="2023-02-12T14:45:24 IST" name="redBusHomePage" finished-at="2023-02-12T14:45:33 IST" duration-ms="8875" status="PASS">
          <reporter-output>
          </reporter-output>
        </test-method> <!-- redBusHomePage -->
        <test-method signature="toVerifyBrandTrustReportLink()[pri:0, instance:redBusTestNG.RedBusHomePageTestNGSuite2@43195e57]" started-at="2023-02-12T14:45:33 IST" name="toVerifyBrandTrustReportLink" finished-at="2023-02-12T14:45:37 IST" duration-ms="3346" status="PASS">
          <reporter-output>
          </reporter-output>
        </test-method> <!-- toVerifyBrandTrustReportLink -->
        <test-method is-config="true" signature="goTOHomePage()[pri:0, instance:redBusTestNG.RedBusHomePageTestNGSuite2@43195e57]" started-at="2023-02-12T14:45:37 IST" name="goTOHomePage" finished-at="2023-02-12T14:45:37 IST" duration-ms="69" status="PASS">
          <reporter-output>
          </reporter-output>
        </test-method> <!-- goTOHomePage -->
        <test-method is-config="true" signature="redBusHomePage()[pri:0, instance:redBusTestNG.RedBusHomePageTestNGSuite2@43195e57]" started-at="2023-02-12T14:45:37 IST" name="redBusHomePage" finished-at="2023-02-12T14:45:39 IST" duration-ms="2077" status="PASS">
          <reporter-output>
          </reporter-output>
        </test-method> <!-- redBusHomePage -->
        <test-method signature="toVerifyPuneBusTicketsLink()[pri:0, instance:redBusTestNG.RedBusHomePageTestNGSuite2@43195e57]" started-at="2023-02-12T14:45:39 IST" name="toVerifyPuneBusTicketsLink" finished-at="2023-02-12T14:45:42 IST" duration-ms="3197" status="PASS">
          <reporter-output>
          </reporter-output>
        </test-method> <!-- toVerifyPuneBusTicketsLink -->
        <test-method is-config="true" signature="goTOHomePage()[pri:0, instance:redBusTestNG.RedBusHomePageTestNGSuite2@43195e57]" started-at="2023-02-12T14:45:42 IST" name="goTOHomePage" finished-at="2023-02-12T14:45:42 IST" duration-ms="77" status="PASS">
          <reporter-output>
          </reporter-output>
        </test-method> <!-- goTOHomePage -->
        <test-method is-config="true" signature="redBusHomePage()[pri:0, instance:redBusTestNG.RedBusHomePageTestNGSuite2@43195e57]" started-at="2023-02-12T14:45:42 IST" name="redBusHomePage" finished-at="2023-02-12T14:45:45 IST" duration-ms="3016" status="PASS">
          <reporter-output>
          </reporter-output>
        </test-method> <!-- redBusHomePage -->
        <test-method signature="toverifyChennaiBusTicketsLink()[pri:0, instance:redBusTestNG.RedBusHomePageTestNGSuite2@43195e57]" started-at="2023-02-12T14:45:45 IST" name="toverifyChennaiBusTicketsLink" finished-at="2023-02-12T14:45:48 IST" duration-ms="3121" status="PASS">
          <reporter-output>
          </reporter-output>
        </test-method> <!-- toverifyChennaiBusTicketsLink -->
        <test-method is-config="true" signature="goTOHomePage()[pri:0, instance:redBusTestNG.RedBusHomePageTestNGSuite2@43195e57]" started-at="2023-02-12T14:45:48 IST" name="goTOHomePage" finished-at="2023-02-12T14:45:48 IST" duration-ms="40" status="PASS">
          <reporter-output>
          </reporter-output>
        </test-method> <!-- goTOHomePage -->
        <test-method is-config="true" signature="clearPOMObj()[pri:0, instance:redBusTestNG.RedBusHomePageTestNGSuite2@43195e57]" started-at="2023-02-12T14:45:48 IST" name="clearPOMObj" finished-at="2023-02-12T14:45:48 IST" duration-ms="0" status="PASS">
          <reporter-output>
          </reporter-output>
        </test-method> <!-- clearPOMObj -->
        <test-method is-config="true" signature="closedBrowser()[pri:0, instance:redBusTestNG.RedBusHomePageTestNGSuite2@43195e57]" started-at="2023-02-12T14:45:48 IST" name="closedBrowser" finished-at="1970-01-01T05:30:00 IST" duration-ms="-1676193348615" status="SKIP">
          <reporter-output>
          </reporter-output>
        </test-method> <!-- closedBrowser -->
      </class> <!-- redBusTestNG.RedBusHomePageTestNGSuite2 -->
      <class name="redBusTestNG.RedBusHomePageTestNGSuite1">
        <test-method is-config="true" signature="launchBowser(java.lang.String)[pri:0, instance:redBusTestNG.RedBusHomePageTestNGSuite1@333291e3]" started-at="2023-02-12T14:45:15 IST" name="launchBowser" finished-at="2023-02-12T14:45:19 IST" duration-ms="4482" status="PASS">
          <params>
            <param index="0">
              <value>
                <![CDATA[Firefox]]>
              </value>
            </param>
          </params>
          <reporter-output>
          </reporter-output>
        </test-method> <!-- launchBowser -->
        <test-method is-config="true" signature="pomClassObject()[pri:0, instance:redBusTestNG.RedBusHomePageTestNGSuite1@333291e3]" started-at="2023-02-12T14:45:24 IST" name="pomClassObject" finished-at="2023-02-12T14:45:24 IST" duration-ms="1" status="PASS">
          <reporter-output>
          </reporter-output>
        </test-method> <!-- pomClassObject -->
        <test-method is-config="true" signature="redBusHomePage()[pri:0, instance:redBusTestNG.RedBusHomePageTestNGSuite1@333291e3]" started-at="2023-02-12T14:45:24 IST" name="redBusHomePage" finished-at="2023-02-12T14:45:33 IST" duration-ms="8949" status="PASS">
          <reporter-output>
          </reporter-output>
        </test-method> <!-- redBusHomePage -->
        <test-method signature="SearchBus()[pri:0, instance:redBusTestNG.RedBusHomePageTestNGSuite1@333291e3]" started-at="2023-02-12T14:45:33 IST" name="SearchBus" finished-at="2023-02-12T14:45:46 IST" duration-ms="12493" status="PASS">
          <reporter-output>
          </reporter-output>
        </test-method> <!-- SearchBus -->
        <test-method is-config="true" signature="goTOHomePage()[pri:0, instance:redBusTestNG.RedBusHomePageTestNGSuite1@333291e3]" started-at="2023-02-12T14:45:46 IST" name="goTOHomePage" finished-at="2023-02-12T14:45:47 IST" duration-ms="1348" status="FAIL">
          <exception class="org.openqa.selenium.NoSuchSessionException">
            <message>
              <![CDATA[Tried to run command without establishing a connection
Build info: version: '3.141.59', revision: 'e82be7d358', time: '2018-11-14T08:17:03'
System info: host: 'DESKTOP-ALIH8F5', ip: '192.168.71.59', os.name: 'Windows 10', os.arch: 'amd64', os.version: '10.0', java.version: '18.0.2.1'
Driver info: org.openqa.selenium.firefox.FirefoxDriver
Capabilities {acceptInsecureCerts: true, browserName: firefox, browserVersion: 109.0.1, javascriptEnabled: true, moz:accessibilityChecks: false, moz:buildID: 20230127170202, moz:geckodriverVersion: 0.32.0, moz:headless: false, moz:platformVersion: 10.0, moz:processID: 32920, moz:profile: C:\Users\devad\AppData\Loca..., moz:shutdownTimeout: 60000, moz:useNonSpecCompliantPointerOrigin: false, moz:webdriverClick: true, moz:windowless: false, pageLoadStrategy: normal, platform: WINDOWS, platformName: WINDOWS, proxy: Proxy(), setWindowRect: true, strictFileInteractability: false, timeouts: {implicit: 0, pageLoad: 300000, script: 30000}, unhandledPromptBehavior: dismiss and notify}
Session ID: 60ec820f-3c1f-499f-bfd9-c43225f8d7b8]]>
            </message>
            <full-stacktrace>
              <![CDATA[org.openqa.selenium.NoSuchSessionException: Tried to run command without establishing a connection
Build info: version: '3.141.59', revision: 'e82be7d358', time: '2018-11-14T08:17:03'
System info: host: 'DESKTOP-ALIH8F5', ip: '192.168.71.59', os.name: 'Windows 10', os.arch: 'amd64', os.version: '10.0', java.version: '18.0.2.1'
Driver info: org.openqa.selenium.firefox.FirefoxDriver
Capabilities {acceptInsecureCerts: true, browserName: firefox, browserVersion: 109.0.1, javascriptEnabled: true, moz:accessibilityChecks: false, moz:buildID: 20230127170202, moz:geckodriverVersion: 0.32.0, moz:headless: false, moz:platformVersion: 10.0, moz:processID: 32920, moz:profile: C:\Users\devad\AppData\Loca..., moz:shutdownTimeout: 60000, moz:useNonSpecCompliantPointerOrigin: false, moz:webdriverClick: true, moz:windowless: false, pageLoadStrategy: normal, platform: WINDOWS, platformName: WINDOWS, proxy: Proxy(), setWindowRect: true, strictFileInteractability: false, timeouts: {implicit: 0, pageLoad: 300000, script: 30000}, unhandledPromptBehavior: dismiss and notify}
Session ID: 60ec820f-3c1f-499f-bfd9-c43225f8d7b8
at java.base/jdk.internal.reflect.DirectConstructorHandleAccessor.newInstance(DirectConstructorHandleAccessor.java:67)
at java.base/java.lang.reflect.Constructor.newInstanceWithCaller(Constructor.java:499)
at java.base/java.lang.reflect.Constructor.newInstance(Constructor.java:483)
at org.openqa.selenium.remote.http.W3CHttpResponseCodec.createException(W3CHttpResponseCodec.java:187)
at org.openqa.selenium.remote.http.W3CHttpResponseCodec.decode(W3CHttpResponseCodec.java:122)
at org.openqa.selenium.remote.http.W3CHttpResponseCodec.decode(W3CHttpResponseCodec.java:49)
at org.openqa.selenium.remote.HttpCommandExecutor.execute(HttpCommandExecutor.java:158)
at org.openqa.selenium.remote.service.DriverCommandExecutor.execute(DriverCommandExecutor.java:83)
at org.openqa.selenium.remote.RemoteWebDriver.execute(RemoteWebDriver.java:552)
at org.openqa.selenium.remote.RemoteWebDriver.get(RemoteWebDriver.java:277)
at redBusTestNG.RedBusHomePageTestNGSuite1.goTOHomePage(RedBusHomePageTestNGSuite1.java:168)
at java.base/jdk.internal.reflect.DirectMethodHandleAccessor.invoke(DirectMethodHandleAccessor.java:104)
at java.base/java.lang.reflect.Method.invoke(Method.java:577)
at org.testng.internal.MethodInvocationHelper.invokeMethod(MethodInvocationHelper.java:133)
at org.testng.internal.MethodInvocationHelper.invokeMethodConsideringTimeout(MethodInvocationHelper.java:62)
at org.testng.internal.ConfigInvoker.invokeConfigurationMethod(ConfigInvoker.java:385)
at org.testng.internal.ConfigInvoker.invokeConfigurations(ConfigInvoker.java:321)
at org.testng.internal.TestInvoker.runConfigMethods(TestInvoker.java:700)
at org.testng.internal.TestInvoker.runAfterGroupsConfigurations(TestInvoker.java:676)
at org.testng.internal.TestInvoker.invokeMethod(TestInvoker.java:660)
at org.testng.internal.TestInvoker.invokeTestMethod(TestInvoker.java:173)
at org.testng.internal.MethodRunner.runInSequence(MethodRunner.java:46)
at org.testng.internal.TestInvoker$MethodInvocationAgent.invoke(TestInvoker.java:824)
at org.testng.internal.TestInvoker.invokeTestMethods(TestInvoker.java:146)
at org.testng.internal.TestMethodWorker.invokeTestMethods(TestMethodWorker.java:146)
at org.testng.internal.TestMethodWorker.run(TestMethodWorker.java:128)
at java.base/java.util.concurrent.ThreadPoolExecutor.runWorker(ThreadPoolExecutor.java:1136)
at java.base/java.util.concurrent.ThreadPoolExecutor$Worker.run(ThreadPoolExecutor.java:635)
at java.base/java.lang.Thread.run(Thread.java:833)
]]>
            </full-stacktrace>
          </exception> <!-- org.openqa.selenium.NoSuchSessionException -->
          <reporter-output>
          </reporter-output>
        </test-method> <!-- goTOHomePage -->
        <test-method is-config="true" signature="redBusHomePage()[pri:0, instance:redBusTestNG.RedBusHomePageTestNGSuite1@333291e3]" started-at="2023-02-12T14:45:47 IST" name="redBusHomePage" finished-at="1970-01-01T05:30:00 IST" duration-ms="-1676193347582" status="SKIP">
          <reporter-output>
          </reporter-output>
        </test-method> <!-- redBusHomePage -->
        <test-method signature="toVerifyBangloreBusTicketsLink()[pri:0, instance:redBusTestNG.RedBusHomePageTestNGSuite1@333291e3]" started-at="2023-02-12T14:45:47 IST" name="toVerifyBangloreBusTicketsLink" finished-at="2023-02-12T14:45:47 IST" duration-ms="0" status="SKIP">
          <exception class="org.openqa.selenium.NoSuchSessionException">
            <message>
              <![CDATA[Tried to run command without establishing a connection
Build info: version: '3.141.59', revision: 'e82be7d358', time: '2018-11-14T08:17:03'
System info: host: 'DESKTOP-ALIH8F5', ip: '192.168.71.59', os.name: 'Windows 10', os.arch: 'amd64', os.version: '10.0', java.version: '18.0.2.1'
Driver info: org.openqa.selenium.firefox.FirefoxDriver
Capabilities {acceptInsecureCerts: true, browserName: firefox, browserVersion: 109.0.1, javascriptEnabled: true, moz:accessibilityChecks: false, moz:buildID: 20230127170202, moz:geckodriverVersion: 0.32.0, moz:headless: false, moz:platformVersion: 10.0, moz:processID: 32920, moz:profile: C:\Users\devad\AppData\Loca..., moz:shutdownTimeout: 60000, moz:useNonSpecCompliantPointerOrigin: false, moz:webdriverClick: true, moz:windowless: false, pageLoadStrategy: normal, platform: WINDOWS, platformName: WINDOWS, proxy: Proxy(), setWindowRect: true, strictFileInteractability: false, timeouts: {implicit: 0, pageLoad: 300000, script: 30000}, unhandledPromptBehavior: dismiss and notify}
Session ID: 60ec820f-3c1f-499f-bfd9-c43225f8d7b8]]>
            </message>
            <full-stacktrace>
              <![CDATA[org.openqa.selenium.NoSuchSessionException: Tried to run command without establishing a connection
Build info: version: '3.141.59', revision: 'e82be7d358', time: '2018-11-14T08:17:03'
System info: host: 'DESKTOP-ALIH8F5', ip: '192.168.71.59', os.name: 'Windows 10', os.arch: 'amd64', os.version: '10.0', java.version: '18.0.2.1'
Driver info: org.openqa.selenium.firefox.FirefoxDriver
Capabilities {acceptInsecureCerts: true, browserName: firefox, browserVersion: 109.0.1, javascriptEnabled: true, moz:accessibilityChecks: false, moz:buildID: 20230127170202, moz:geckodriverVersion: 0.32.0, moz:headless: false, moz:platformVersion: 10.0, moz:processID: 32920, moz:profile: C:\Users\devad\AppData\Loca..., moz:shutdownTimeout: 60000, moz:useNonSpecCompliantPointerOrigin: false, moz:webdriverClick: true, moz:windowless: false, pageLoadStrategy: normal, platform: WINDOWS, platformName: WINDOWS, proxy: Proxy(), setWindowRect: true, strictFileInteractability: false, timeouts: {implicit: 0, pageLoad: 300000, script: 30000}, unhandledPromptBehavior: dismiss and notify}
Session ID: 60ec820f-3c1f-499f-bfd9-c43225f8d7b8
at java.base/jdk.internal.reflect.DirectConstructorHandleAccessor.newInstance(DirectConstructorHandleAccessor.java:67)
at java.base/java.lang.reflect.Constructor.newInstanceWithCaller(Constructor.java:499)
at java.base/java.lang.reflect.Constructor.newInstance(Constructor.java:483)
at org.openqa.selenium.remote.http.W3CHttpResponseCodec.createException(W3CHttpResponseCodec.java:187)
at org.openqa.selenium.remote.http.W3CHttpResponseCodec.decode(W3CHttpResponseCodec.java:122)
at org.openqa.selenium.remote.http.W3CHttpResponseCodec.decode(W3CHttpResponseCodec.java:49)
at org.openqa.selenium.remote.HttpCommandExecutor.execute(HttpCommandExecutor.java:158)
at org.openqa.selenium.remote.service.DriverCommandExecutor.execute(DriverCommandExecutor.java:83)
at org.openqa.selenium.remote.RemoteWebDriver.execute(RemoteWebDriver.java:552)
at org.openqa.selenium.remote.RemoteWebDriver.get(RemoteWebDriver.java:277)
at redBusTestNG.RedBusHomePageTestNGSuite1.goTOHomePage(RedBusHomePageTestNGSuite1.java:168)
at java.base/jdk.internal.reflect.DirectMethodHandleAccessor.invoke(DirectMethodHandleAccessor.java:104)
at java.base/java.lang.reflect.Method.invoke(Method.java:577)
at org.testng.internal.MethodInvocationHelper.invokeMethod(MethodInvocationHelper.java:133)
at org.testng.internal.MethodInvocationHelper.invokeMethodConsideringTimeout(MethodInvocationHelper.java:62)
at org.testng.internal.ConfigInvoker.invokeConfigurationMethod(ConfigInvoker.java:385)
at org.testng.internal.ConfigInvoker.invokeConfigurations(ConfigInvoker.java:321)
at org.testng.internal.TestInvoker.runConfigMethods(TestInvoker.java:700)
at org.testng.internal.TestInvoker.runAfterGroupsConfigurations(TestInvoker.java:676)
at org.testng.internal.TestInvoker.invokeMethod(TestInvoker.java:660)
at org.testng.internal.TestInvoker.invokeTestMethod(TestInvoker.java:173)
at org.testng.internal.MethodRunner.runInSequence(MethodRunner.java:46)
at org.testng.internal.TestInvoker$MethodInvocationAgent.invoke(TestInvoker.java:824)
at org.testng.internal.TestInvoker.invokeTestMethods(TestInvoker.java:146)
at org.testng.internal.TestMethodWorker.invokeTestMethods(TestMethodWorker.java:146)
at org.testng.internal.TestMethodWorker.run(TestMethodWorker.java:128)
at java.base/java.util.concurrent.ThreadPoolExecutor.runWorker(ThreadPoolExecutor.java:1136)
at java.base/java.util.concurrent.ThreadPoolExecutor$Worker.run(ThreadPoolExecutor.java:635)
at java.base/java.lang.Thread.run(Thread.java:833)
]]>
            </full-stacktrace>
          </exception> <!-- org.openqa.selenium.NoSuchSessionException -->
          <reporter-output>
          </reporter-output>
        </test-method> <!-- toVerifyBangloreBusTicketsLink -->
        <test-method is-config="true" signature="goTOHomePage()[pri:0, instance:redBusTestNG.RedBusHomePageTestNGSuite1@333291e3]" started-at="2023-02-12T14:45:47 IST" name="goTOHomePage" finished-at="1970-01-01T05:30:00 IST" duration-ms="-1676193347585" status="SKIP">
          <reporter-output>
          </reporter-output>
        </test-method> <!-- goTOHomePage -->
        <test-method is-config="true" signature="redBusHomePage()[pri:0, instance:redBusTestNG.RedBusHomePageTestNGSuite1@333291e3]" started-at="2023-02-12T14:45:47 IST" name="redBusHomePage" finished-at="1970-01-01T05:30:00 IST" duration-ms="-1676193347586" status="SKIP">
          <reporter-output>
          </reporter-output>
        </test-method> <!-- redBusHomePage -->
        <test-method signature="toVerifyHydrabadBusTicketsLink()[pri:0, instance:redBusTestNG.RedBusHomePageTestNGSuite1@333291e3]" started-at="2023-02-12T14:45:47 IST" name="toVerifyHydrabadBusTicketsLink" finished-at="2023-02-12T14:45:47 IST" duration-ms="0" status="SKIP">
          <exception class="org.openqa.selenium.NoSuchSessionException">
            <message>
              <![CDATA[Tried to run command without establishing a connection
Build info: version: '3.141.59', revision: 'e82be7d358', time: '2018-11-14T08:17:03'
System info: host: 'DESKTOP-ALIH8F5', ip: '192.168.71.59', os.name: 'Windows 10', os.arch: 'amd64', os.version: '10.0', java.version: '18.0.2.1'
Driver info: org.openqa.selenium.firefox.FirefoxDriver
Capabilities {acceptInsecureCerts: true, browserName: firefox, browserVersion: 109.0.1, javascriptEnabled: true, moz:accessibilityChecks: false, moz:buildID: 20230127170202, moz:geckodriverVersion: 0.32.0, moz:headless: false, moz:platformVersion: 10.0, moz:processID: 32920, moz:profile: C:\Users\devad\AppData\Loca..., moz:shutdownTimeout: 60000, moz:useNonSpecCompliantPointerOrigin: false, moz:webdriverClick: true, moz:windowless: false, pageLoadStrategy: normal, platform: WINDOWS, platformName: WINDOWS, proxy: Proxy(), setWindowRect: true, strictFileInteractability: false, timeouts: {implicit: 0, pageLoad: 300000, script: 30000}, unhandledPromptBehavior: dismiss and notify}
Session ID: 60ec820f-3c1f-499f-bfd9-c43225f8d7b8]]>
            </message>
            <full-stacktrace>
              <![CDATA[org.openqa.selenium.NoSuchSessionException: Tried to run command without establishing a connection
Build info: version: '3.141.59', revision: 'e82be7d358', time: '2018-11-14T08:17:03'
System info: host: 'DESKTOP-ALIH8F5', ip: '192.168.71.59', os.name: 'Windows 10', os.arch: 'amd64', os.version: '10.0', java.version: '18.0.2.1'
Driver info: org.openqa.selenium.firefox.FirefoxDriver
Capabilities {acceptInsecureCerts: true, browserName: firefox, browserVersion: 109.0.1, javascriptEnabled: true, moz:accessibilityChecks: false, moz:buildID: 20230127170202, moz:geckodriverVersion: 0.32.0, moz:headless: false, moz:platformVersion: 10.0, moz:processID: 32920, moz:profile: C:\Users\devad\AppData\Loca..., moz:shutdownTimeout: 60000, moz:useNonSpecCompliantPointerOrigin: false, moz:webdriverClick: true, moz:windowless: false, pageLoadStrategy: normal, platform: WINDOWS, platformName: WINDOWS, proxy: Proxy(), setWindowRect: true, strictFileInteractability: false, timeouts: {implicit: 0, pageLoad: 300000, script: 30000}, unhandledPromptBehavior: dismiss and notify}
Session ID: 60ec820f-3c1f-499f-bfd9-c43225f8d7b8
at java.base/jdk.internal.reflect.DirectConstructorHandleAccessor.newInstance(DirectConstructorHandleAccessor.java:67)
at java.base/java.lang.reflect.Constructor.newInstanceWithCaller(Constructor.java:499)
at java.base/java.lang.reflect.Constructor.newInstance(Constructor.java:483)
at org.openqa.selenium.remote.http.W3CHttpResponseCodec.createException(W3CHttpResponseCodec.java:187)
at org.openqa.selenium.remote.http.W3CHttpResponseCodec.decode(W3CHttpResponseCodec.java:122)
at org.openqa.selenium.remote.http.W3CHttpResponseCodec.decode(W3CHttpResponseCodec.java:49)
at org.openqa.selenium.remote.HttpCommandExecutor.execute(HttpCommandExecutor.java:158)
at org.openqa.selenium.remote.service.DriverCommandExecutor.execute(DriverCommandExecutor.java:83)
at org.openqa.selenium.remote.RemoteWebDriver.execute(RemoteWebDriver.java:552)
at org.openqa.selenium.remote.RemoteWebDriver.get(RemoteWebDriver.java:277)
at redBusTestNG.RedBusHomePageTestNGSuite1.goTOHomePage(RedBusHomePageTestNGSuite1.java:168)
at java.base/jdk.internal.reflect.DirectMethodHandleAccessor.invoke(DirectMethodHandleAccessor.java:104)
at java.base/java.lang.reflect.Method.invoke(Method.java:577)
at org.testng.internal.MethodInvocationHelper.invokeMethod(MethodInvocationHelper.java:133)
at org.testng.internal.MethodInvocationHelper.invokeMethodConsideringTimeout(MethodInvocationHelper.java:62)
at org.testng.internal.ConfigInvoker.invokeConfigurationMethod(ConfigInvoker.java:385)
at org.testng.internal.ConfigInvoker.invokeConfigurations(ConfigInvoker.java:321)
at org.testng.internal.TestInvoker.runConfigMethods(TestInvoker.java:700)
at org.testng.internal.TestInvoker.runAfterGroupsConfigurations(TestInvoker.java:676)
at org.testng.internal.TestInvoker.invokeMethod(TestInvoker.java:660)
at org.testng.internal.TestInvoker.invokeTestMethod(TestInvoker.java:173)
at org.testng.internal.MethodRunner.runInSequence(MethodRunner.java:46)
at org.testng.internal.TestInvoker$MethodInvocationAgent.invoke(TestInvoker.java:824)
at org.testng.internal.TestInvoker.invokeTestMethods(TestInvoker.java:146)
at org.testng.internal.TestMethodWorker.invokeTestMethods(TestMethodWorker.java:146)
at org.testng.internal.TestMethodWorker.run(TestMethodWorker.java:128)
at java.base/java.util.concurrent.ThreadPoolExecutor.runWorker(ThreadPoolExecutor.java:1136)
at java.base/java.util.concurrent.ThreadPoolExecutor$Worker.run(ThreadPoolExecutor.java:635)
at java.base/java.lang.Thread.run(Thread.java:833)
]]>
            </full-stacktrace>
          </exception> <!-- org.openqa.selenium.NoSuchSessionException -->
          <reporter-output>
          </reporter-output>
        </test-method> <!-- toVerifyHydrabadBusTicketsLink -->
        <test-method is-config="true" signature="goTOHomePage()[pri:0, instance:redBusTestNG.RedBusHomePageTestNGSuite1@333291e3]" started-at="2023-02-12T14:45:47 IST" name="goTOHomePage" finished-at="1970-01-01T05:30:00 IST" duration-ms="-1676193347589" status="SKIP">
          <reporter-output>
          </reporter-output>
        </test-method> <!-- goTOHomePage -->
        <test-method is-config="true" signature="clearPOMObj()[pri:0, instance:redBusTestNG.RedBusHomePageTestNGSuite1@333291e3]" started-at="2023-02-12T14:45:47 IST" name="clearPOMObj" finished-at="1970-01-01T05:30:00 IST" duration-ms="-1676193347590" status="SKIP">
          <reporter-output>
          </reporter-output>
        </test-method> <!-- clearPOMObj -->
        <test-method is-config="true" signature="closedBrowser()[pri:0, instance:redBusTestNG.RedBusHomePageTestNGSuite1@333291e3]" started-at="2023-02-12T14:45:48 IST" name="closedBrowser" finished-at="1970-01-01T05:30:00 IST" duration-ms="-1676193348613" status="SKIP">
          <reporter-output>
          </reporter-output>
        </test-method> <!-- closedBrowser -->
      </class> <!-- redBusTestNG.RedBusHomePageTestNGSuite1 -->
    </test> <!-- FirefoxTest -->
    <test started-at="2023-02-12T14:45:15 IST" name="EdgeTest" finished-at="2023-02-12T14:45:50 IST" duration-ms="35356">
      <class name="redBusTestNG.RedBusHomePageTestNGSuite2">
        <test-method is-config="true" signature="launchBowser(java.lang.String)[pri:0, instance:redBusTestNG.RedBusHomePageTestNGSuite2@402bba4f]" started-at="2023-02-12T14:45:19 IST" name="launchBowser" finished-at="2023-02-12T14:45:22 IST" duration-ms="3391" status="PASS">
          <params>
            <param index="0">
              <value>
                <![CDATA[Edge]]>
              </value>
            </param>
          </params>
          <reporter-output>
          </reporter-output>
        </test-method> <!-- launchBowser -->
        <test-method is-config="true" signature="pomClassObject()[pri:0, instance:redBusTestNG.RedBusHomePageTestNGSuite2@402bba4f]" started-at="2023-02-12T14:45:22 IST" name="pomClassObject" finished-at="2023-02-12T14:45:22 IST" duration-ms="2" status="PASS">
          <reporter-output>
          </reporter-output>
        </test-method> <!-- pomClassObject -->
        <test-method is-config="true" signature="redBusHomePage()[pri:0, instance:redBusTestNG.RedBusHomePageTestNGSuite2@402bba4f]" started-at="2023-02-12T14:45:22 IST" name="redBusHomePage" finished-at="2023-02-12T14:45:32 IST" duration-ms="9853" status="PASS">
          <reporter-output>
          </reporter-output>
        </test-method> <!-- redBusHomePage -->
        <test-method signature="toVerifyBrandTrustReportLink()[pri:0, instance:redBusTestNG.RedBusHomePageTestNGSuite2@402bba4f]" started-at="2023-02-12T14:45:32 IST" name="toVerifyBrandTrustReportLink" finished-at="2023-02-12T14:45:36 IST" duration-ms="3947" status="PASS">
          <reporter-output>
          </reporter-output>
        </test-method> <!-- toVerifyBrandTrustReportLink -->
        <test-method is-config="true" signature="goTOHomePage()[pri:0, instance:redBusTestNG.RedBusHomePageTestNGSuite2@402bba4f]" started-at="2023-02-12T14:45:36 IST" name="goTOHomePage" finished-at="2023-02-12T14:45:36 IST" duration-ms="82" status="PASS">
          <reporter-output>
          </reporter-output>
        </test-method> <!-- goTOHomePage -->
        <test-method is-config="true" signature="redBusHomePage()[pri:0, instance:redBusTestNG.RedBusHomePageTestNGSuite2@402bba4f]" started-at="2023-02-12T14:45:36 IST" name="redBusHomePage" finished-at="2023-02-12T14:45:38 IST" duration-ms="1820" status="PASS">
          <reporter-output>
          </reporter-output>
        </test-method> <!-- redBusHomePage -->
        <test-method signature="toVerifyPuneBusTicketsLink()[pri:0, instance:redBusTestNG.RedBusHomePageTestNGSuite2@402bba4f]" started-at="2023-02-12T14:45:38 IST" name="toVerifyPuneBusTicketsLink" finished-at="2023-02-12T14:45:41 IST" duration-ms="3158" status="PASS">
          <reporter-output>
          </reporter-output>
        </test-method> <!-- toVerifyPuneBusTicketsLink -->
        <test-method is-config="true" signature="goTOHomePage()[pri:0, instance:redBusTestNG.RedBusHomePageTestNGSuite2@402bba4f]" started-at="2023-02-12T14:45:41 IST" name="goTOHomePage" finished-at="2023-02-12T14:45:41 IST" duration-ms="73" status="PASS">
          <reporter-output>
          </reporter-output>
        </test-method> <!-- goTOHomePage -->
        <test-method is-config="true" signature="redBusHomePage()[pri:0, instance:redBusTestNG.RedBusHomePageTestNGSuite2@402bba4f]" started-at="2023-02-12T14:45:41 IST" name="redBusHomePage" finished-at="2023-02-12T14:45:43 IST" duration-ms="2474" status="PASS">
          <reporter-output>
          </reporter-output>
        </test-method> <!-- redBusHomePage -->
        <test-method signature="toverifyChennaiBusTicketsLink()[pri:0, instance:redBusTestNG.RedBusHomePageTestNGSuite2@402bba4f]" started-at="2023-02-12T14:45:43 IST" name="toverifyChennaiBusTicketsLink" finished-at="2023-02-12T14:45:47 IST" duration-ms="3310" status="PASS">
          <reporter-output>
          </reporter-output>
        </test-method> <!-- toverifyChennaiBusTicketsLink -->
        <test-method is-config="true" signature="goTOHomePage()[pri:0, instance:redBusTestNG.RedBusHomePageTestNGSuite2@402bba4f]" started-at="2023-02-12T14:45:47 IST" name="goTOHomePage" finished-at="2023-02-12T14:45:47 IST" duration-ms="79" status="PASS">
          <reporter-output>
          </reporter-output>
        </test-method> <!-- goTOHomePage -->
        <test-method is-config="true" signature="clearPOMObj()[pri:0, instance:redBusTestNG.RedBusHomePageTestNGSuite2@402bba4f]" started-at="2023-02-12T14:45:47 IST" name="clearPOMObj" finished-at="2023-02-12T14:45:47 IST" duration-ms="0" status="PASS">
          <reporter-output>
          </reporter-output>
        </test-method> <!-- clearPOMObj -->
        <test-method is-config="true" signature="closedBrowser()[pri:0, instance:redBusTestNG.RedBusHomePageTestNGSuite2@402bba4f]" started-at="2023-02-12T14:45:50 IST" name="closedBrowser" finished-at="1970-01-01T05:30:00 IST" duration-ms="-1676193350813" status="SKIP">
          <reporter-output>
          </reporter-output>
        </test-method> <!-- closedBrowser -->
      </class> <!-- redBusTestNG.RedBusHomePageTestNGSuite2 -->
      <class name="redBusTestNG.RedBusHomePageTestNGSuite1">
        <test-method is-config="true" signature="launchBowser(java.lang.String)[pri:0, instance:redBusTestNG.RedBusHomePageTestNGSuite1@795cd85e]" started-at="2023-02-12T14:45:15 IST" name="launchBowser" finished-at="2023-02-12T14:45:19 IST" duration-ms="3661" status="PASS">
          <params>
            <param index="0">
              <value>
                <![CDATA[Edge]]>
              </value>
            </param>
          </params>
          <reporter-output>
          </reporter-output>
        </test-method> <!-- launchBowser -->
        <test-method is-config="true" signature="pomClassObject()[pri:0, instance:redBusTestNG.RedBusHomePageTestNGSuite1@795cd85e]" started-at="2023-02-12T14:45:22 IST" name="pomClassObject" finished-at="2023-02-12T14:45:22 IST" duration-ms="4" status="PASS">
          <reporter-output>
          </reporter-output>
        </test-method> <!-- pomClassObject -->
        <test-method is-config="true" signature="redBusHomePage()[pri:0, instance:redBusTestNG.RedBusHomePageTestNGSuite1@795cd85e]" started-at="2023-02-12T14:45:22 IST" name="redBusHomePage" finished-at="2023-02-12T14:45:32 IST" duration-ms="9666" status="PASS">
          <reporter-output>
          </reporter-output>
        </test-method> <!-- redBusHomePage -->
        <test-method signature="SearchBus()[pri:0, instance:redBusTestNG.RedBusHomePageTestNGSuite1@795cd85e]" started-at="2023-02-12T14:45:32 IST" name="SearchBus" finished-at="2023-02-12T14:45:50 IST" duration-ms="18296" status="PASS">
          <reporter-output>
          </reporter-output>
        </test-method> <!-- SearchBus -->
        <test-method is-config="true" signature="goTOHomePage()[pri:0, instance:redBusTestNG.RedBusHomePageTestNGSuite1@795cd85e]" started-at="2023-02-12T14:45:50 IST" name="goTOHomePage" finished-at="2023-02-12T14:45:50 IST" duration-ms="298" status="FAIL">
          <exception class="org.openqa.selenium.NoSuchSessionException">
            <message>
              <![CDATA[invalid session id
Build info: version: '3.141.59', revision: 'e82be7d358', time: '2018-11-14T08:17:03'
System info: host: 'DESKTOP-ALIH8F5', ip: '192.168.71.59', os.name: 'Windows 10', os.arch: 'amd64', os.version: '10.0', java.version: '18.0.2.1'
Driver info: org.openqa.selenium.edge.EdgeDriver
Capabilities {acceptInsecureCerts: false, browserName: msedge, browserVersion: 106.0.1370.47, javascriptEnabled: true, ms:edgeOptions: {debuggerAddress: localhost:65021}, msedge: {msedgedriverVersion: 106.0.1370.47 (4e0bb7311a0a..., userDataDir: C:\Users\devad\AppData\Loca...}, networkConnectionEnabled: false, pageLoadStrategy: normal, platform: WINDOWS, platformName: WINDOWS, proxy: Proxy(), setWindowRect: true, strictFileInteractability: false, timeouts: {implicit: 0, pageLoad: 300000, script: 30000}, unhandledPromptBehavior: dismiss and notify, webauthn:extension:credBlob: true, webauthn:extension:largeBlob: true, webauthn:virtualAuthenticators: true}
Session ID: b89a0649710fe97c5e197947f28b138b]]>
            </message>
            <full-stacktrace>
              <![CDATA[org.openqa.selenium.NoSuchSessionException: invalid session id
Build info: version: '3.141.59', revision: 'e82be7d358', time: '2018-11-14T08:17:03'
System info: host: 'DESKTOP-ALIH8F5', ip: '192.168.71.59', os.name: 'Windows 10', os.arch: 'amd64', os.version: '10.0', java.version: '18.0.2.1'
Driver info: org.openqa.selenium.edge.EdgeDriver
Capabilities {acceptInsecureCerts: false, browserName: msedge, browserVersion: 106.0.1370.47, javascriptEnabled: true, ms:edgeOptions: {debuggerAddress: localhost:65021}, msedge: {msedgedriverVersion: 106.0.1370.47 (4e0bb7311a0a..., userDataDir: C:\Users\devad\AppData\Loca...}, networkConnectionEnabled: false, pageLoadStrategy: normal, platform: WINDOWS, platformName: WINDOWS, proxy: Proxy(), setWindowRect: true, strictFileInteractability: false, timeouts: {implicit: 0, pageLoad: 300000, script: 30000}, unhandledPromptBehavior: dismiss and notify, webauthn:extension:credBlob: true, webauthn:extension:largeBlob: true, webauthn:virtualAuthenticators: true}
Session ID: b89a0649710fe97c5e197947f28b138b
at java.base/jdk.internal.reflect.DirectConstructorHandleAccessor.newInstance(DirectConstructorHandleAccessor.java:67)
at java.base/java.lang.reflect.Constructor.newInstanceWithCaller(Constructor.java:499)
at java.base/java.lang.reflect.Constructor.newInstance(Constructor.java:483)
at org.openqa.selenium.remote.http.W3CHttpResponseCodec.createException(W3CHttpResponseCodec.java:187)
at org.openqa.selenium.remote.http.W3CHttpResponseCodec.decode(W3CHttpResponseCodec.java:122)
at org.openqa.selenium.remote.http.W3CHttpResponseCodec.decode(W3CHttpResponseCodec.java:49)
at org.openqa.selenium.remote.HttpCommandExecutor.execute(HttpCommandExecutor.java:158)
at org.openqa.selenium.remote.service.DriverCommandExecutor.execute(DriverCommandExecutor.java:83)
at org.openqa.selenium.remote.RemoteWebDriver.execute(RemoteWebDriver.java:552)
at org.openqa.selenium.remote.RemoteWebDriver.get(RemoteWebDriver.java:277)
at redBusTestNG.RedBusHomePageTestNGSuite1.goTOHomePage(RedBusHomePageTestNGSuite1.java:168)
at java.base/jdk.internal.reflect.DirectMethodHandleAccessor.invoke(DirectMethodHandleAccessor.java:104)
at java.base/java.lang.reflect.Method.invoke(Method.java:577)
at org.testng.internal.MethodInvocationHelper.invokeMethod(MethodInvocationHelper.java:133)
at org.testng.internal.MethodInvocationHelper.invokeMethodConsideringTimeout(MethodInvocationHelper.java:62)
at org.testng.internal.ConfigInvoker.invokeConfigurationMethod(ConfigInvoker.java:385)
at org.testng.internal.ConfigInvoker.invokeConfigurations(ConfigInvoker.java:321)
at org.testng.internal.TestInvoker.runConfigMethods(TestInvoker.java:700)
at org.testng.internal.TestInvoker.runAfterGroupsConfigurations(TestInvoker.java:676)
at org.testng.internal.TestInvoker.invokeMethod(TestInvoker.java:660)
at org.testng.internal.TestInvoker.invokeTestMethod(TestInvoker.java:173)
at org.testng.internal.MethodRunner.runInSequence(MethodRunner.java:46)
at org.testng.internal.TestInvoker$MethodInvocationAgent.invoke(TestInvoker.java:824)
at org.testng.internal.TestInvoker.invokeTestMethods(TestInvoker.java:146)
at org.testng.internal.TestMethodWorker.invokeTestMethods(TestMethodWorker.java:146)
at org.testng.internal.TestMethodWorker.run(TestMethodWorker.java:128)
at java.base/java.util.concurrent.ThreadPoolExecutor.runWorker(ThreadPoolExecutor.java:1136)
at java.base/java.util.concurrent.ThreadPoolExecutor$Worker.run(ThreadPoolExecutor.java:635)
at java.base/java.lang.Thread.run(Thread.java:833)
]]>
            </full-stacktrace>
          </exception> <!-- org.openqa.selenium.NoSuchSessionException -->
          <reporter-output>
          </reporter-output>
        </test-method> <!-- goTOHomePage -->
        <test-method is-config="true" signature="redBusHomePage()[pri:0, instance:redBusTestNG.RedBusHomePageTestNGSuite1@795cd85e]" started-at="2023-02-12T14:45:50 IST" name="redBusHomePage" finished-at="1970-01-01T05:30:00 IST" duration-ms="-1676193350799" status="SKIP">
          <reporter-output>
          </reporter-output>
        </test-method> <!-- redBusHomePage -->
        <test-method signature="toVerifyBangloreBusTicketsLink()[pri:0, instance:redBusTestNG.RedBusHomePageTestNGSuite1@795cd85e]" started-at="2023-02-12T14:45:50 IST" name="toVerifyBangloreBusTicketsLink" finished-at="2023-02-12T14:45:50 IST" duration-ms="0" status="SKIP">
          <exception class="org.openqa.selenium.NoSuchSessionException">
            <message>
              <![CDATA[invalid session id
Build info: version: '3.141.59', revision: 'e82be7d358', time: '2018-11-14T08:17:03'
System info: host: 'DESKTOP-ALIH8F5', ip: '192.168.71.59', os.name: 'Windows 10', os.arch: 'amd64', os.version: '10.0', java.version: '18.0.2.1'
Driver info: org.openqa.selenium.edge.EdgeDriver
Capabilities {acceptInsecureCerts: false, browserName: msedge, browserVersion: 106.0.1370.47, javascriptEnabled: true, ms:edgeOptions: {debuggerAddress: localhost:65021}, msedge: {msedgedriverVersion: 106.0.1370.47 (4e0bb7311a0a..., userDataDir: C:\Users\devad\AppData\Loca...}, networkConnectionEnabled: false, pageLoadStrategy: normal, platform: WINDOWS, platformName: WINDOWS, proxy: Proxy(), setWindowRect: true, strictFileInteractability: false, timeouts: {implicit: 0, pageLoad: 300000, script: 30000}, unhandledPromptBehavior: dismiss and notify, webauthn:extension:credBlob: true, webauthn:extension:largeBlob: true, webauthn:virtualAuthenticators: true}
Session ID: b89a0649710fe97c5e197947f28b138b]]>
            </message>
            <full-stacktrace>
              <![CDATA[org.openqa.selenium.NoSuchSessionException: invalid session id
Build info: version: '3.141.59', revision: 'e82be7d358', time: '2018-11-14T08:17:03'
System info: host: 'DESKTOP-ALIH8F5', ip: '192.168.71.59', os.name: 'Windows 10', os.arch: 'amd64', os.version: '10.0', java.version: '18.0.2.1'
Driver info: org.openqa.selenium.edge.EdgeDriver
Capabilities {acceptInsecureCerts: false, browserName: msedge, browserVersion: 106.0.1370.47, javascriptEnabled: true, ms:edgeOptions: {debuggerAddress: localhost:65021}, msedge: {msedgedriverVersion: 106.0.1370.47 (4e0bb7311a0a..., userDataDir: C:\Users\devad\AppData\Loca...}, networkConnectionEnabled: false, pageLoadStrategy: normal, platform: WINDOWS, platformName: WINDOWS, proxy: Proxy(), setWindowRect: true, strictFileInteractability: false, timeouts: {implicit: 0, pageLoad: 300000, script: 30000}, unhandledPromptBehavior: dismiss and notify, webauthn:extension:credBlob: true, webauthn:extension:largeBlob: true, webauthn:virtualAuthenticators: true}
Session ID: b89a0649710fe97c5e197947f28b138b
at java.base/jdk.internal.reflect.DirectConstructorHandleAccessor.newInstance(DirectConstructorHandleAccessor.java:67)
at java.base/java.lang.reflect.Constructor.newInstanceWithCaller(Constructor.java:499)
at java.base/java.lang.reflect.Constructor.newInstance(Constructor.java:483)
at org.openqa.selenium.remote.http.W3CHttpResponseCodec.createException(W3CHttpResponseCodec.java:187)
at org.openqa.selenium.remote.http.W3CHttpResponseCodec.decode(W3CHttpResponseCodec.java:122)
at org.openqa.selenium.remote.http.W3CHttpResponseCodec.decode(W3CHttpResponseCodec.java:49)
at org.openqa.selenium.remote.HttpCommandExecutor.execute(HttpCommandExecutor.java:158)
at org.openqa.selenium.remote.service.DriverCommandExecutor.execute(DriverCommandExecutor.java:83)
at org.openqa.selenium.remote.RemoteWebDriver.execute(RemoteWebDriver.java:552)
at org.openqa.selenium.remote.RemoteWebDriver.get(RemoteWebDriver.java:277)
at redBusTestNG.RedBusHomePageTestNGSuite1.goTOHomePage(RedBusHomePageTestNGSuite1.java:168)
at java.base/jdk.internal.reflect.DirectMethodHandleAccessor.invoke(DirectMethodHandleAccessor.java:104)
at java.base/java.lang.reflect.Method.invoke(Method.java:577)
at org.testng.internal.MethodInvocationHelper.invokeMethod(MethodInvocationHelper.java:133)
at org.testng.internal.MethodInvocationHelper.invokeMethodConsideringTimeout(MethodInvocationHelper.java:62)
at org.testng.internal.ConfigInvoker.invokeConfigurationMethod(ConfigInvoker.java:385)
at org.testng.internal.ConfigInvoker.invokeConfigurations(ConfigInvoker.java:321)
at org.testng.internal.TestInvoker.runConfigMethods(TestInvoker.java:700)
at org.testng.internal.TestInvoker.runAfterGroupsConfigurations(TestInvoker.java:676)
at org.testng.internal.TestInvoker.invokeMethod(TestInvoker.java:660)
at org.testng.internal.TestInvoker.invokeTestMethod(TestInvoker.java:173)
at org.testng.internal.MethodRunner.runInSequence(MethodRunner.java:46)
at org.testng.internal.TestInvoker$MethodInvocationAgent.invoke(TestInvoker.java:824)
at org.testng.internal.TestInvoker.invokeTestMethods(TestInvoker.java:146)
at org.testng.internal.TestMethodWorker.invokeTestMethods(TestMethodWorker.java:146)
at org.testng.internal.TestMethodWorker.run(TestMethodWorker.java:128)
at java.base/java.util.concurrent.ThreadPoolExecutor.runWorker(ThreadPoolExecutor.java:1136)
at java.base/java.util.concurrent.ThreadPoolExecutor$Worker.run(ThreadPoolExecutor.java:635)
at java.base/java.lang.Thread.run(Thread.java:833)
]]>
            </full-stacktrace>
          </exception> <!-- org.openqa.selenium.NoSuchSessionException -->
          <reporter-output>
          </reporter-output>
        </test-method> <!-- toVerifyBangloreBusTicketsLink -->
        <test-method is-config="true" signature="goTOHomePage()[pri:0, instance:redBusTestNG.RedBusHomePageTestNGSuite1@795cd85e]" started-at="2023-02-12T14:45:50 IST" name="goTOHomePage" finished-at="1970-01-01T05:30:00 IST" duration-ms="-1676193350802" status="SKIP">
          <reporter-output>
          </reporter-output>
        </test-method> <!-- goTOHomePage -->
        <test-method is-config="true" signature="redBusHomePage()[pri:0, instance:redBusTestNG.RedBusHomePageTestNGSuite1@795cd85e]" started-at="2023-02-12T14:45:50 IST" name="redBusHomePage" finished-at="1970-01-01T05:30:00 IST" duration-ms="-1676193350807" status="SKIP">
          <reporter-output>
          </reporter-output>
        </test-method> <!-- redBusHomePage -->
        <test-method signature="toVerifyHydrabadBusTicketsLink()[pri:0, instance:redBusTestNG.RedBusHomePageTestNGSuite1@795cd85e]" started-at="2023-02-12T14:45:50 IST" name="toVerifyHydrabadBusTicketsLink" finished-at="2023-02-12T14:45:50 IST" duration-ms="0" status="SKIP">
          <exception class="org.openqa.selenium.NoSuchSessionException">
            <message>
              <![CDATA[invalid session id
Build info: version: '3.141.59', revision: 'e82be7d358', time: '2018-11-14T08:17:03'
System info: host: 'DESKTOP-ALIH8F5', ip: '192.168.71.59', os.name: 'Windows 10', os.arch: 'amd64', os.version: '10.0', java.version: '18.0.2.1'
Driver info: org.openqa.selenium.edge.EdgeDriver
Capabilities {acceptInsecureCerts: false, browserName: msedge, browserVersion: 106.0.1370.47, javascriptEnabled: true, ms:edgeOptions: {debuggerAddress: localhost:65021}, msedge: {msedgedriverVersion: 106.0.1370.47 (4e0bb7311a0a..., userDataDir: C:\Users\devad\AppData\Loca...}, networkConnectionEnabled: false, pageLoadStrategy: normal, platform: WINDOWS, platformName: WINDOWS, proxy: Proxy(), setWindowRect: true, strictFileInteractability: false, timeouts: {implicit: 0, pageLoad: 300000, script: 30000}, unhandledPromptBehavior: dismiss and notify, webauthn:extension:credBlob: true, webauthn:extension:largeBlob: true, webauthn:virtualAuthenticators: true}
Session ID: b89a0649710fe97c5e197947f28b138b]]>
            </message>
            <full-stacktrace>
              <![CDATA[org.openqa.selenium.NoSuchSessionException: invalid session id
Build info: version: '3.141.59', revision: 'e82be7d358', time: '2018-11-14T08:17:03'
System info: host: 'DESKTOP-ALIH8F5', ip: '192.168.71.59', os.name: 'Windows 10', os.arch: 'amd64', os.version: '10.0', java.version: '18.0.2.1'
Driver info: org.openqa.selenium.edge.EdgeDriver
Capabilities {acceptInsecureCerts: false, browserName: msedge, browserVersion: 106.0.1370.47, javascriptEnabled: true, ms:edgeOptions: {debuggerAddress: localhost:65021}, msedge: {msedgedriverVersion: 106.0.1370.47 (4e0bb7311a0a..., userDataDir: C:\Users\devad\AppData\Loca...}, networkConnectionEnabled: false, pageLoadStrategy: normal, platform: WINDOWS, platformName: WINDOWS, proxy: Proxy(), setWindowRect: true, strictFileInteractability: false, timeouts: {implicit: 0, pageLoad: 300000, script: 30000}, unhandledPromptBehavior: dismiss and notify, webauthn:extension:credBlob: true, webauthn:extension:largeBlob: true, webauthn:virtualAuthenticators: true}
Session ID: b89a0649710fe97c5e197947f28b138b
at java.base/jdk.internal.reflect.DirectConstructorHandleAccessor.newInstance(DirectConstructorHandleAccessor.java:67)
at java.base/java.lang.reflect.Constructor.newInstanceWithCaller(Constructor.java:499)
at java.base/java.lang.reflect.Constructor.newInstance(Constructor.java:483)
at org.openqa.selenium.remote.http.W3CHttpResponseCodec.createException(W3CHttpResponseCodec.java:187)
at org.openqa.selenium.remote.http.W3CHttpResponseCodec.decode(W3CHttpResponseCodec.java:122)
at org.openqa.selenium.remote.http.W3CHttpResponseCodec.decode(W3CHttpResponseCodec.java:49)
at org.openqa.selenium.remote.HttpCommandExecutor.execute(HttpCommandExecutor.java:158)
at org.openqa.selenium.remote.service.DriverCommandExecutor.execute(DriverCommandExecutor.java:83)
at org.openqa.selenium.remote.RemoteWebDriver.execute(RemoteWebDriver.java:552)
at org.openqa.selenium.remote.RemoteWebDriver.get(RemoteWebDriver.java:277)
at redBusTestNG.RedBusHomePageTestNGSuite1.goTOHomePage(RedBusHomePageTestNGSuite1.java:168)
at java.base/jdk.internal.reflect.DirectMethodHandleAccessor.invoke(DirectMethodHandleAccessor.java:104)
at java.base/java.lang.reflect.Method.invoke(Method.java:577)
at org.testng.internal.MethodInvocationHelper.invokeMethod(MethodInvocationHelper.java:133)
at org.testng.internal.MethodInvocationHelper.invokeMethodConsideringTimeout(MethodInvocationHelper.java:62)
at org.testng.internal.ConfigInvoker.invokeConfigurationMethod(ConfigInvoker.java:385)
at org.testng.internal.ConfigInvoker.invokeConfigurations(ConfigInvoker.java:321)
at org.testng.internal.TestInvoker.runConfigMethods(TestInvoker.java:700)
at org.testng.internal.TestInvoker.runAfterGroupsConfigurations(TestInvoker.java:676)
at org.testng.internal.TestInvoker.invokeMethod(TestInvoker.java:660)
at org.testng.internal.TestInvoker.invokeTestMethod(TestInvoker.java:173)
at org.testng.internal.MethodRunner.runInSequence(MethodRunner.java:46)
at org.testng.internal.TestInvoker$MethodInvocationAgent.invoke(TestInvoker.java:824)
at org.testng.internal.TestInvoker.invokeTestMethods(TestInvoker.java:146)
at org.testng.internal.TestMethodWorker.invokeTestMethods(TestMethodWorker.java:146)
at org.testng.internal.TestMethodWorker.run(TestMethodWorker.java:128)
at java.base/java.util.concurrent.ThreadPoolExecutor.runWorker(ThreadPoolExecutor.java:1136)
at java.base/java.util.concurrent.ThreadPoolExecutor$Worker.run(ThreadPoolExecutor.java:635)
at java.base/java.lang.Thread.run(Thread.java:833)
]]>
            </full-stacktrace>
          </exception> <!-- org.openqa.selenium.NoSuchSessionException -->
          <reporter-output>
          </reporter-output>
        </test-method> <!-- toVerifyHydrabadBusTicketsLink -->
        <test-method is-config="true" signature="goTOHomePage()[pri:0, instance:redBusTestNG.RedBusHomePageTestNGSuite1@795cd85e]" started-at="2023-02-12T14:45:50 IST" name="goTOHomePage" finished-at="1970-01-01T05:30:00 IST" duration-ms="-1676193350810" status="SKIP">
          <reporter-output>
          </reporter-output>
        </test-method> <!-- goTOHomePage -->
        <test-method is-config="true" signature="clearPOMObj()[pri:0, instance:redBusTestNG.RedBusHomePageTestNGSuite1@795cd85e]" started-at="2023-02-12T14:45:50 IST" name="clearPOMObj" finished-at="1970-01-01T05:30:00 IST" duration-ms="-1676193350811" status="SKIP">
          <reporter-output>
          </reporter-output>
        </test-method> <!-- clearPOMObj -->
        <test-method is-config="true" signature="closedBrowser()[pri:0, instance:redBusTestNG.RedBusHomePageTestNGSuite1@795cd85e]" started-at="2023-02-12T14:45:50 IST" name="closedBrowser" finished-at="1970-01-01T05:30:00 IST" duration-ms="-1676193350812" status="SKIP">
          <reporter-output>
          </reporter-output>
        </test-method> <!-- closedBrowser -->
      </class> <!-- redBusTestNG.RedBusHomePageTestNGSuite1 -->
    </test> <!-- EdgeTest -->
  </suite> <!-- Suite -->
</testng-results>
